<?xml version="1.0" encoding="UTF-8"?>
<!-- Generated by org.testng.reporters.JUnitXMLReporter -->
<testsuite hostname="C02GC3QNML85" ignored="0" name="Test" tests="2" failures="2" timestamp="2022-02-18T13:50:32 EET" time="7.559" errors="0">
  <testcase name="totalValidation" time="1.469" classname="practise.AppiumFramework.Ecommerce_tc_4">
    <failure type="java.lang.NullPointerException">
      <![CDATA[java.lang.NullPointerException
at practise.AppiumFramework.base.capabilities(base.java:70)
at practise.AppiumFramework.Ecommerce_tc_4.totalValidation(Ecommerce_tc_4.java:23)
at java.util.ArrayList.forEach(ArrayList.java:1259)
... Removed 27 stack frames]]>
    </failure>
  </testcase> <!-- totalValidation -->
  <testcase name="totalValidation" time="1.485" classname="practise.AppiumFramework.Ecommerce_tc_4">
    <failure type="java.lang.NullPointerException">
      <![CDATA[java.lang.NullPointerException
at practise.AppiumFramework.base.getScreenshot(base.java:103)
at resources.Listeners.onTestFailure(Listeners.java:15)
at java.util.ArrayList.forEach(ArrayList.java:1259)
... Removed 24 stack frames]]>
    </failure>
  </testcase> <!-- totalValidation -->
</testsuite> <!-- Test -->
