<?xml version="1.0" encoding="UTF-8"?>
<testsuite xmlns:xsi="http://www.w3.org/2001/XMLSchema-instance" xsi:noNamespaceSchemaLocation="https://maven.apache.org/surefire/maven-surefire-plugin/xsd/surefire-test-report-3.0.xsd" version="3.0" name="TestSuite" time="114.49" tests="3" errors="0" skipped="0" failures="0">
  <properties>
[...]
</properties>
  <testcase name="totalValidation" classname="practise.AppiumFramework.Ecommerce_tc_4" time="51.965">
    <system-out><![CDATA[&amp#27;[35m[Appium]&amp#27;[39m Welcome to Appium v1.22.2
&amp#27;[35m[Appium]&amp#27;[39m Appium REST http interface listener started on 0.0.0.0:4723
&amp#27;[35m[HTTP]&amp#27;[39m &amp#27;[37m-->&amp#27;[39m &amp#27;[37mGET&amp#27;[39m &amp#27;[37m/wd/hub/status&amp#27;[39m
&amp#27;[35m[HTTP]&amp#27;[39m &amp#27;[90m{}&amp#27;[39m
[debug] &amp#27;[35m[GENERIC]&amp#27;[39m Calling AppiumDriver.getStatus() with args: []
[debug] &amp#27;[35m[GENERIC]&amp#27;[39m Responding to client with driver.getStatus() result: {"build":{"version":"1.22.2"}}
&amp#27;[35m[HTTP]&amp#27;[39m &amp#27;[37m<-- GET /wd/hub/status &amp#27;[39m&amp#27;[32m200&amp#27;[39m &amp#27;[90m4 ms - 68&amp#27;[39m
&amp#27;[35m[HTTP]&amp#27;[39m &amp#27;[90m&amp#27;[39m
[debug] &amp#27;[35m[HTTP]&amp#27;[39m Request idempotency key: ac957022-7edc-4e8c-a0d0-51a930fa1234
&amp#27;[35m[HTTP]&amp#27;[39m &amp#27;[37m-->&amp#27;[39m &amp#27;[37mPOST&amp#27;[39m &amp#27;[37m/wd/hub/session&amp#27;[39m
&amp#27;[35m[HTTP]&amp#27;[39m &amp#27;[90m{"desiredCapabilities":{"app":"/Users/tlaza/eclipse-workspace/AppiumFramework/src/main/java/practise/AppiumFramework/General-Store.apk","automationName":"uiautomator2","platformName":"Android","deviceName":"InfinityEmulator"},"capabilities":{"firstMatch":[{"appium:app":"/Users/tlaza/eclipse-workspace/AppiumFramework/src/main/java/practise/AppiumFramework/General-Store.apk","appium:automationName":"uiautomator2","appium:deviceName":"InfinityEmulator","platformName":"android"}]}}&amp#27;[39m
[debug] &amp#27;[35m[W3C]&amp#27;[39m Calling AppiumDriver.createSession() with args: [{"app":"/Users/tlaza/eclipse-workspace/AppiumFramework/src/main/java/practise/AppiumFramework/General-Store.apk","automationName":"uiautomator2","platformName":"Android","deviceName":"InfinityEmulator"},null,{"firstMatch":[{"appium:app":"/Users/tlaza/eclipse-workspace/AppiumFramework/src/main/java/practise/AppiumFramework/General-Store.apk","appium:automationName":"uiautomator2","appium:deviceName":"InfinityEmulator","platformName":"android"}]}]
[debug] &amp#27;[35m[BaseDriver]&amp#27;[39m Event 'newSessionRequested' logged at 1645177031003 (11:37:11 GMT+0200 (Eastern European Standard Time))
&amp#27;[35m[Appium]&amp#27;[39m Appium v1.22.2 creating new AndroidUiautomator2Driver (v1.70.1) session
[debug] &amp#27;[35m[BaseDriver]&amp#27;[39m W3C capabilities and MJSONWP desired capabilities were provided
[debug] &amp#27;[35m[BaseDriver]&amp#27;[39m Creating session with W3C capabilities: {
[debug] &amp#27;[35m[BaseDriver]&amp#27;[39m   "alwaysMatch": {
[debug] &amp#27;[35m[BaseDriver]&amp#27;[39m     "platformName": "android",
[debug] &amp#27;[35m[BaseDriver]&amp#27;[39m     "appium:app": "/Users/tlaza/eclipse-workspace/AppiumFramework/src/main/java/practise/AppiumFramework/General-Store.apk",
[debug] &amp#27;[35m[BaseDriver]&amp#27;[39m     "appium:automationName": "uiautomator2",
[debug] &amp#27;[35m[BaseDriver]&amp#27;[39m     "appium:deviceName": "InfinityEmulator"
[debug] &amp#27;[35m[BaseDriver]&amp#27;[39m   },
[debug] &amp#27;[35m[BaseDriver]&amp#27;[39m   "firstMatch": [
[debug] &amp#27;[35m[BaseDriver]&amp#27;[39m     {}
[debug] &amp#27;[35m[BaseDriver]&amp#27;[39m   ]
[debug] &amp#27;[35m[BaseDriver]&amp#27;[39m }
&amp#27;[35m[BaseDriver]&amp#27;[39m Session created with session id: fe69c2e8-5341-4ecd-b090-d9f6036f615e
&amp#27;[35m[BaseDriver]&amp#27;[39m Using local app '/Users/tlaza/eclipse-workspace/AppiumFramework/src/main/java/practise/AppiumFramework/General-Store.apk'
[debug] &amp#27;[35m[UiAutomator2]&amp#27;[39m Checking whether app is actually present
&amp#27;[35m[ADB]&amp#27;[39m Found 2 'build-tools' folders under '/Users/tlaza/Library/Android/sdk' (newest first):
&amp#27;[35m[ADB]&amp#27;[39m     /Users/tlaza/Library/Android/sdk/build-tools/32.0.0
&amp#27;[35m[ADB]&amp#27;[39m     /Users/tlaza/Library/Android/sdk/build-tools/30.0.2
&amp#27;[35m[ADB]&amp#27;[39m Using 'adb' from '/Users/tlaza/Library/Android/sdk/platform-tools/adb'
[debug] &amp#27;[35m[ADB]&amp#27;[39m Running '/Users/tlaza/Library/Android/sdk/platform-tools/adb -P 5037 start-server'
&amp#27;[35m[AndroidDriver]&amp#27;[39m Retrieving device list
[debug] &amp#27;[35m[ADB]&amp#27;[39m Trying to find a connected android device
[debug] &amp#27;[35m[ADB]&amp#27;[39m Getting connected devices
[debug] &amp#27;[35m[ADB]&amp#27;[39m Connected devices: [{"udid":"emulator-5554","state":"device"}]
&amp#27;[35m[AndroidDriver]&amp#27;[39m Using device: emulator-5554
&amp#27;[35m[ADB]&amp#27;[39m Using 'adb' from '/Users/tlaza/Library/Android/sdk/platform-tools/adb'
[debug] &amp#27;[35m[ADB]&amp#27;[39m Running '/Users/tlaza/Library/Android/sdk/platform-tools/adb -P 5037 start-server'
[debug] &amp#27;[35m[ADB]&amp#27;[39m Setting device id to emulator-5554
[debug] &amp#27;[35m[ADB]&amp#27;[39m Running '/Users/tlaza/Library/Android/sdk/platform-tools/adb -P 5037 -s emulator-5554 shell getprop ro.build.version.sdk'
[debug] &amp#27;[35m[ADB]&amp#27;[39m Current device property 'ro.build.version.sdk': 30
&amp#27;[35m[ADB]&amp#27;[39m Getting device platform version
[debug] &amp#27;[35m[ADB]&amp#27;[39m Running '/Users/tlaza/Library/Android/sdk/platform-tools/adb -P 5037 -s emulator-5554 shell getprop ro.build.version.release'
[debug] &amp#27;[35m[ADB]&amp#27;[39m Current device property 'ro.build.version.release': 11
[debug] &amp#27;[35m[ADB]&amp#27;[39m Device API level: 30
&amp#27;[35m[UiAutomator2]&amp#27;[39m Relaxing hidden api policy
[debug] &amp#27;[35m[ADB]&amp#27;[39m Running '/Users/tlaza/Library/Android/sdk/platform-tools/adb -P 5037 -s emulator-5554 shell 'settings put global hidden_api_policy_pre_p_apps 1;settings put global hidden_api_policy_p_apps 1;settings put global hidden_api_policy 1''
[debug] &amp#27;[35m[AndroidDriver]&amp#27;[39m Parsing package and activity from app manifest
&amp#27;[35m[ADB]&amp#27;[39m Package name: 'com.androidsample.generalstore'
&amp#27;[35m[ADB]&amp#27;[39m Main activity name: 'com.androidsample.generalstore.SplashActivity'
[debug] &amp#27;[35m[AndroidDriver]&amp#27;[39m Parsed package and activity are: com.androidsample.generalstore/com.androidsample.generalstore.SplashActivity
[debug] &amp#27;[35m[ADB]&amp#27;[39m Running '/Users/tlaza/Library/Android/sdk/platform-tools/adb -P 5037 -s emulator-5554 wait-for-device'
[debug] &amp#27;[35m[ADB]&amp#27;[39m Running '/Users/tlaza/Library/Android/sdk/platform-tools/adb -P 5037 -s emulator-5554 shell echo ping'
[debug] &amp#27;[35m[AndroidDriver]&amp#27;[39m Pushing settings apk to device...
[debug] &amp#27;[35m[ADB]&amp#27;[39m Getting install status for io.appium.settings
[debug] &amp#27;[35m[ADB]&amp#27;[39m Running '/Users/tlaza/Library/Android/sdk/platform-tools/adb -P 5037 -s emulator-5554 shell dumpsys package io.appium.settings'
[debug] &amp#27;[35m[ADB]&amp#27;[39m 'io.appium.settings' is installed
[debug] &amp#27;[35m[ADB]&amp#27;[39m Getting package info for 'io.appium.settings'
[debug] &amp#27;[35m[ADB]&amp#27;[39m Running '/Users/tlaza/Library/Android/sdk/platform-tools/adb -P 5037 -s emulator-5554 shell dumpsys package io.appium.settings'
[debug] &amp#27;[35m[ADB]&amp#27;[39m The version name of the installed 'io.appium.settings' is greater or equal to the application version name ('3.4.0' >= '3.4.0')
[debug] &amp#27;[35m[ADB]&amp#27;[39m There is no need to install/upgrade '/usr/local/lib/node_modules/appium/node_modules/io.appium.settings/apks/settings_apk-debug.apk'
[debug] &amp#27;[35m[ADB]&amp#27;[39m Getting IDs of all 'io.appium.settings' processes
[debug] &amp#27;[35m[ADB]&amp#27;[39m Running '/Users/tlaza/Library/Android/sdk/platform-tools/adb -P 5037 -s emulator-5554 shell 'pgrep --help; echo $?''
[debug] &amp#27;[35m[ADB]&amp#27;[39m Running '/Users/tlaza/Library/Android/sdk/platform-tools/adb -P 5037 -s emulator-5554 shell pgrep -f \(\[\[:blank:\]\]\|\^\)io\.appium\.settings\(\[\[:blank:\]\]\|\$\)'
[debug] &amp#27;[35m[AndroidDriver]&amp#27;[39m io.appium.settings is already running. There is no need to reset its permissions.
[debug] &amp#27;[35m[Logcat]&amp#27;[39m Starting logs capture with command: /Users/tlaza/Library/Android/sdk/platform-tools/adb -P 5037 -s emulator-5554 logcat -v threadtime
[debug] &amp#27;[35m[UiAutomator2]&amp#27;[39m Forwarding UiAutomator2 Server port 6790 to local port 8200
[debug] &amp#27;[35m[ADB]&amp#27;[39m Forwarding system: 8200 to device: 6790
[debug] &amp#27;[35m[ADB]&amp#27;[39m Running '/Users/tlaza/Library/Android/sdk/platform-tools/adb -P 5037 -s emulator-5554 forward tcp:8200 tcp:6790'
&amp#27;[35m[UiAutomator2]&amp#27;[39m Server package at '/usr/local/lib/node_modules/appium/node_modules/appium-uiautomator2-server/apks/appium-uiautomator2-server-v4.27.0.apk' is not writeable. Will copy it into the temporary location at '/var/folders/cj/wm0qjn6121jdvkm3zr42dqg00000gq/T/2022118-74603-1xd9phs.vauf' as a workaround. Consider making this file writeable manually in order to improve the performance of session startup.
&amp#27;[35m[UiAutomator2]&amp#27;[39m Server package at '/usr/local/lib/node_modules/appium/node_modules/appium-uiautomator2-server/apks/appium-uiautomator2-server-debug-androidTest.apk' is not writeable. Will copy it into the temporary location at '/var/folders/cj/wm0qjn6121jdvkm3zr42dqg00000gq/T/2022118-74603-1xd9phs.vauf' as a workaround. Consider making this file writeable manually in order to improve the performance of session startup.
[debug] &amp#27;[35m[ADB]&amp#27;[39m Getting install status for io.appium.uiautomator2.server
[debug] &amp#27;[35m[ADB]&amp#27;[39m Running '/Users/tlaza/Library/Android/sdk/platform-tools/adb -P 5037 -s emulator-5554 shell dumpsys package io.appium.uiautomator2.server'
[debug] &amp#27;[35m[ADB]&amp#27;[39m 'io.appium.uiautomator2.server' is installed
[debug] &amp#27;[35m[ADB]&amp#27;[39m Getting package info for 'io.appium.uiautomator2.server'
[debug] &amp#27;[35m[ADB]&amp#27;[39m Running '/Users/tlaza/Library/Android/sdk/platform-tools/adb -P 5037 -s emulator-5554 shell dumpsys package io.appium.uiautomator2.server'
[debug] &amp#27;[35m[ADB]&amp#27;[39m The version name of the installed 'io.appium.uiautomator2.server' is greater or equal to the application version name ('4.27.0' >= '4.27.0')
[debug] &amp#27;[35m[UiAutomator2]&amp#27;[39m io.appium.uiautomator2.server installation state: sameVersionInstalled
[debug] &amp#27;[35m[ADB]&amp#27;[39m Checking app cert for /var/folders/cj/wm0qjn6121jdvkm3zr42dqg00000gq/T/2022118-74603-1xd9phs.vauf/appium-uiautomator2-server-v4.27.0.apk
&amp#27;[35m[ADB]&amp#27;[39m Using 'apksigner.jar' from '/Users/tlaza/Library/Android/sdk/build-tools/32.0.0/lib/apksigner.jar'
[debug] &amp#27;[35m[ADB]&amp#27;[39m Starting apksigner: '/Library/Internet Plug-Ins/JavaAppletPlugin.plugin/Contents/Home/bin/java' -Xmx1024M -Xss1m -jar /Users/tlaza/Library/Android/sdk/build-tools/32.0.0/lib/apksigner.jar verify --print-certs /var/folders/cj/wm0qjn6121jdvkm3zr42dqg00000gq/T/2022118-74603-1xd9phs.vauf/appium-uiautomator2-server-v4.27.0.apk
[debug] &amp#27;[35m[ADB]&amp#27;[39m apksigner stdout: Signer #1 certificate DN: EMAILADDRESS=android@android.com, CN=Android, OU=Android, O=Android, L=Mountain View, ST=California, C=US
[debug] &amp#27;[35m[ADB]&amp#27;[39m Signer #1 certificate SHA-256 digest: a40da80a59d170caa950cf15c18c454d47a39b26989d8b640ecd745ba71bf5dc
[debug] &amp#27;[35m[ADB]&amp#27;[39m Signer #1 certificate SHA-1 digest: 61ed377e85d386a8dfee6b864bd85b0bfaa5af81
[debug] &amp#27;[35m[ADB]&amp#27;[39m Signer #1 certificate MD5 digest: e89b158e4bcf988ebd09eb83f5378e87
[debug] &amp#27;[35m[ADB]&amp#27;[39m 
[debug] &amp#27;[35m[ADB]&amp#27;[39m sha256 hash did match for 'appium-uiautomator2-server-v4.27.0.apk'
&amp#27;[35m[ADB]&amp#27;[39m '/var/folders/cj/wm0qjn6121jdvkm3zr42dqg00000gq/T/2022118-74603-1xd9phs.vauf/appium-uiautomator2-server-v4.27.0.apk' is signed with the default certificate
[debug] &amp#27;[35m[ADB]&amp#27;[39m Getting install status for io.appium.uiautomator2.server.test
[debug] &amp#27;[35m[ADB]&amp#27;[39m Running '/Users/tlaza/Library/Android/sdk/platform-tools/adb -P 5037 -s emulator-5554 shell dumpsys package io.appium.uiautomator2.server.test'
[debug] &amp#27;[35m[ADB]&amp#27;[39m 'io.appium.uiautomator2.server.test' is installed
[debug] &amp#27;[35m[ADB]&amp#27;[39m Checking app cert for /var/folders/cj/wm0qjn6121jdvkm3zr42dqg00000gq/T/2022118-74603-1xd9phs.vauf/appium-uiautomator2-server-debug-androidTest.apk
[debug] &amp#27;[35m[ADB]&amp#27;[39m Starting apksigner: '/Library/Internet Plug-Ins/JavaAppletPlugin.plugin/Contents/Home/bin/java' -Xmx1024M -Xss1m -jar /Users/tlaza/Library/Android/sdk/build-tools/32.0.0/lib/apksigner.jar verify --print-certs /var/folders/cj/wm0qjn6121jdvkm3zr42dqg00000gq/T/2022118-74603-1xd9phs.vauf/appium-uiautomator2-server-debug-androidTest.apk
[debug] &amp#27;[35m[ADB]&amp#27;[39m apksigner stdout: Signer #1 certificate DN: EMAILADDRESS=android@android.com, CN=Android, OU=Android, O=Android, L=Mountain View, ST=California, C=US
[debug] &amp#27;[35m[ADB]&amp#27;[39m Signer #1 certificate SHA-256 digest: a40da80a59d170caa950cf15c18c454d47a39b26989d8b640ecd745ba71bf5dc
[debug] &amp#27;[35m[ADB]&amp#27;[39m Signer #1 certificate SHA-1 digest: 61ed377e85d386a8dfee6b864bd85b0bfaa5af81
[debug] &amp#27;[35m[ADB]&amp#27;[39m Signer #1 certificate MD5 digest: e89b158e4bcf988ebd09eb83f5378e87
[debug] &amp#27;[35m[ADB]&amp#27;[39m 
[debug] &amp#27;[35m[ADB]&amp#27;[39m sha256 hash did match for 'appium-uiautomator2-server-debug-androidTest.apk'
&amp#27;[35m[ADB]&amp#27;[39m '/var/folders/cj/wm0qjn6121jdvkm3zr42dqg00000gq/T/2022118-74603-1xd9phs.vauf/appium-uiautomator2-server-debug-androidTest.apk' is signed with the default certificate
&amp#27;[35m[UiAutomator2]&amp#27;[39m Server packages are not going to be (re)installed
[debug] &amp#27;[35m[UiAutomator2]&amp#27;[39m Waiting up to 30000ms for services to be available
[debug] &amp#27;[35m[ADB]&amp#27;[39m Running '/Users/tlaza/Library/Android/sdk/platform-tools/adb -P 5037 -s emulator-5554 shell pm list instrumentation'
[debug] &amp#27;[35m[UiAutomator2]&amp#27;[39m Instrumentation target 'io.appium.uiautomator2.server.test/androidx.test.runner.AndroidJUnitRunner' is available
&amp#27;[35m[ADB]&amp#27;[39m Adding packages ["io.appium.settings","io.appium.uiautomator2.server","io.appium.uiautomator2.server.test"] to Doze whitelist
[debug] &amp#27;[35m[ADB]&amp#27;[39m Got the following command chunks to execute: [["dumpsys","deviceidle","whitelist","+io.appium.settings",";","dumpsys","deviceidle","whitelist","+io.appium.uiautomator2.server",";","dumpsys","deviceidle","whitelist","+io.appium.uiautomator2.server.test",";"]]
[debug] &amp#27;[35m[ADB]&amp#27;[39m Running '/Users/tlaza/Library/Android/sdk/platform-tools/adb -P 5037 -s emulator-5554 shell dumpsys deviceidle whitelist +io.appium.settings ; dumpsys deviceidle whitelist +io.appium.uiautomator2.server ; dumpsys deviceidle whitelist +io.appium.uiautomator2.server.test ;'
[debug] &amp#27;[35m[ADB]&amp#27;[39m Checking app cert for /Users/tlaza/eclipse-workspace/AppiumFramework/src/main/java/practise/AppiumFramework/General-Store.apk
[debug] &amp#27;[35m[ADB]&amp#27;[39m Starting apksigner: '/Library/Internet Plug-Ins/JavaAppletPlugin.plugin/Contents/Home/bin/java' -Xmx1024M -Xss1m -jar /Users/tlaza/Library/Android/sdk/build-tools/32.0.0/lib/apksigner.jar verify --print-certs /Users/tlaza/eclipse-workspace/AppiumFramework/src/main/java/practise/AppiumFramework/General-Store.apk
[debug] &amp#27;[35m[ADB]&amp#27;[39m apksigner stdout: Signer #1 certificate DN: EMAILADDRESS=android@android.com, CN=Android, OU=Android, O=Android, L=Mountain View, ST=California, C=US
[debug] &amp#27;[35m[ADB]&amp#27;[39m Signer #1 certificate SHA-256 digest: a40da80a59d170caa950cf15c18c454d47a39b26989d8b640ecd745ba71bf5dc
[debug] &amp#27;[35m[ADB]&amp#27;[39m Signer #1 certificate SHA-1 digest: 61ed377e85d386a8dfee6b864bd85b0bfaa5af81
[debug] &amp#27;[35m[ADB]&amp#27;[39m Signer #1 certificate MD5 digest: e89b158e4bcf988ebd09eb83f5378e87
[debug] &amp#27;[35m[ADB]&amp#27;[39m 
[debug] &amp#27;[35m[ADB]&amp#27;[39m sha256 hash did match for 'General-Store.apk'
&amp#27;[35m[ADB]&amp#27;[39m '/Users/tlaza/eclipse-workspace/AppiumFramework/src/main/java/practise/AppiumFramework/General-Store.apk' is signed with the default certificate
[debug] &amp#27;[35m[ADB]&amp#27;[39m Getting install status for com.androidsample.generalstore
[debug] &amp#27;[35m[ADB]&amp#27;[39m Running '/Users/tlaza/Library/Android/sdk/platform-tools/adb -P 5037 -s emulator-5554 shell dumpsys package com.androidsample.generalstore'
[debug] &amp#27;[35m[ADB]&amp#27;[39m 'com.androidsample.generalstore' is installed
[debug] &amp#27;[35m[ADB]&amp#27;[39m Getting package info for 'com.androidsample.generalstore'
[debug] &amp#27;[35m[ADB]&amp#27;[39m Running '/Users/tlaza/Library/Android/sdk/platform-tools/adb -P 5037 -s emulator-5554 shell dumpsys package com.androidsample.generalstore'
[debug] &amp#27;[35m[ADB]&amp#27;[39m The version name of the installed 'com.androidsample.generalstore' is greater or equal to the application version name ('1.0.0' >= '1.0.0')
[debug] &amp#27;[35m[ADB]&amp#27;[39m There is no need to install/upgrade '/Users/tlaza/eclipse-workspace/AppiumFramework/src/main/java/practise/AppiumFramework/General-Store.apk'
&amp#27;[35m[AndroidDriver]&amp#27;[39m Performing fast reset on 'com.androidsample.generalstore'
[debug] &amp#27;[35m[ADB]&amp#27;[39m Getting install status for com.androidsample.generalstore
[debug] &amp#27;[35m[ADB]&amp#27;[39m Running '/Users/tlaza/Library/Android/sdk/platform-tools/adb -P 5037 -s emulator-5554 shell dumpsys package com.androidsample.generalstore'
[debug] &amp#27;[35m[ADB]&amp#27;[39m 'com.androidsample.generalstore' is installed
[debug] &amp#27;[35m[ADB]&amp#27;[39m Running '/Users/tlaza/Library/Android/sdk/platform-tools/adb -P 5037 -s emulator-5554 shell am force-stop com.androidsample.generalstore'
[debug] &amp#27;[35m[ADB]&amp#27;[39m Running '/Users/tlaza/Library/Android/sdk/platform-tools/adb -P 5037 -s emulator-5554 shell pm clear com.androidsample.generalstore'
[debug] &amp#27;[35m[AndroidDriver]&amp#27;[39m Performed fast reset on the installed 'com.androidsample.generalstore' application (stop and clear)
[debug] &amp#27;[35m[UiAutomator2]&amp#27;[39m Performing shallow cleanup of automation leftovers
[debug] &amp#27;[35m[UiAutomator2]&amp#27;[39m The following obsolete sessions are still running: ["1108331d-f8c2-4f84-b380-b52f90947138"]
[debug] &amp#27;[35m[UiAutomator2]&amp#27;[39m Cleaning up 1 obsolete session
[debug] &amp#27;[35m[ADB]&amp#27;[39m Running '/Users/tlaza/Library/Android/sdk/platform-tools/adb -P 5037 -s emulator-5554 shell am force-stop io.appium.uiautomator2.server.test'
&amp#27;[35m[UiAutomator2]&amp#27;[39m Starting UIAutomator2 server 4.27.0
&amp#27;[35m[UiAutomator2]&amp#27;[39m Using UIAutomator2 server from '/usr/local/lib/node_modules/appium/node_modules/appium-uiautomator2-server/apks/appium-uiautomator2-server-v4.27.0.apk' and test from '/usr/local/lib/node_modules/appium/node_modules/appium-uiautomator2-server/apks/appium-uiautomator2-server-debug-androidTest.apk'
&amp#27;[35m[UiAutomator2]&amp#27;[39m Waiting up to 30000ms for UiAutomator2 to be online...
[debug] &amp#27;[35m[ADB]&amp#27;[39m Creating ADB subprocess with args: ["-P",5037,"-s","emulator-5554","shell","am","instrument","-w","-e","disableAnalytics",true,"io.appium.uiautomator2.server.test/androidx.test.runner.AndroidJUnitRunner"]
[debug] &amp#27;[35m[WD Proxy]&amp#27;[39m Matched '/status' to command name 'getStatus'
[debug] &amp#27;[35m[WD Proxy]&amp#27;[39m Proxying [GET /status] to [GET http://127.0.0.1:8200/wd/hub/status] with no body
&amp#27;[35m[WD Proxy]&amp#27;[39m socket hang up
[debug] &amp#27;[35m[WD Proxy]&amp#27;[39m Matched '/status' to command name 'getStatus'
[debug] &amp#27;[35m[WD Proxy]&amp#27;[39m Proxying [GET /status] to [GET http://127.0.0.1:8200/wd/hub/status] with no body
&amp#27;[35m[WD Proxy]&amp#27;[39m socket hang up
[debug] &amp#27;[35m[WD Proxy]&amp#27;[39m Matched '/status' to command name 'getStatus'
[debug] &amp#27;[35m[WD Proxy]&amp#27;[39m Proxying [GET /status] to [GET http://127.0.0.1:8200/wd/hub/status] with no body
&amp#27;[35m[WD Proxy]&amp#27;[39m socket hang up
[debug] &amp#27;[35m[Instrumentation]&amp#27;[39m io.appium.uiautomator2.server.test.AppiumUiAutomator2Server:
[debug] &amp#27;[35m[WD Proxy]&amp#27;[39m Matched '/status' to command name 'getStatus'
[debug] &amp#27;[35m[WD Proxy]&amp#27;[39m Proxying [GET /status] to [GET http://127.0.0.1:8200/wd/hub/status] with no body
&amp#27;[35m[WD Proxy]&amp#27;[39m socket hang up
[debug] &amp#27;[35m[WD Proxy]&amp#27;[39m Matched '/status' to command name 'getStatus'
[debug] &amp#27;[35m[WD Proxy]&amp#27;[39m Proxying [GET /status] to [GET http://127.0.0.1:8200/wd/hub/status] with no body
[debug] &amp#27;[35m[WD Proxy]&amp#27;[39m Got response with status 200: {"sessionId":"None","value":{"message":"UiAutomator2 Server is ready to accept commands","ready":true}}
[debug] &amp#27;[35m[UiAutomator2]&amp#27;[39m The initialization of the instrumentation process took 4289ms
[debug] &amp#27;[35m[WD Proxy]&amp#27;[39m Matched '/session' to command name 'createSession'
[debug] &amp#27;[35m[WD Proxy]&amp#27;[39m Proxying [POST /session] to [POST http://127.0.0.1:8200/wd/hub/session] with body: {"capabilities":{"firstMatch":[{"platform":"LINUX","webStorageEnabled":false,"takesScreenshot":true,"javascriptEnabled":true,"databaseEnabled":false,"networkConnectionEnabled":true,"locationContextEnabled":false,"warnings":{},"desired":{"platformName":"android","app":"/Users/tlaza/eclipse-workspace/AppiumFramework/src/main/java/practise/AppiumFramework/General-Store.apk","automationName":"uiautomator2","deviceName":"InfinityEmulator"},"platformName":"android","app":"/Users/tlaza/eclipse-workspace/AppiumFramework/src/main/java/practise/AppiumFramework/General-Store.apk","automationName":"uiautomator2","deviceName":"emulator-5554","deviceUDID":"emulator-5554","appPackage":"com.androidsample.generalstore"}],"alwaysMatch":{}}}
[debug] &amp#27;[35m[WD Proxy]&amp#27;[39m Got response with status 200: {"sessionId":"ffc563b2-a1b7-478d-8b12-317bb3940fa7","value":{"capabilities":{"firstMatch":[{"platform":"LINUX","webStorageEnabled":false,"takesScreenshot":true,"javascriptEnabled":true,"databaseEnabled":false,"networkConnectionEnabled":true,"locationContextEnabled":false,"warnings":{},"desired":{"platformName":"android","app":"/Users/tlaza/eclipse-workspace/AppiumFramework/src/main/java/practise/AppiumFramework/General-Store.apk","automationName":"uiautomator2","deviceName":"InfinityEmulator"},"platformName":"android","app":"/Users/tlaza/eclipse-workspace/AppiumFramework/src/main/java/practise/AppiumFramework/General-Store.apk","automationName":"uiautomator2","deviceName":"emulator-5554","deviceUDID":"emulator-5554","appPackage":"com.androidsample.generalstore"}],"alwaysMatch":{}},"sessionId":"ffc563b2-a1b7-478d-8b12-317bb3940fa7"}}
&amp#27;[35m[WD Proxy]&amp#27;[39m Determined the downstream protocol as 'W3C'
[debug] &amp#27;[35m[WD Proxy]&amp#27;[39m Proxying [GET /appium/device/info] to [GET http://127.0.0.1:8200/wd/hub/session/ffc563b2-a1b7-478d-8b12-317bb3940fa7/appium/device/info] with no body
[debug] &amp#27;[35m[WD Proxy]&amp#27;[39m Got response with status 200: {"sessionId":"ffc563b2-a1b7-478d-8b12-317bb3940fa7","value":{"androidId":"ce0ef8d86c6d7333","apiVersion":"30","bluetooth":{"state":"ON"},"brand":"Android","carrierName":"Android","displayDensity":560,"locale":"en_US","manufacturer":"unknown","model":"Android SDK built for x86","networks":[{"capabilities":{"SSID":null,"linkDownBandwidthKbps":30000,"linkUpstreamBandwidthKbps":15000,"networkCapabilities":"NET_CAPABILITY_MMS,NET_CAPABILITY_SUPL,NET_CAPABILITY_DUN,NET_CAPABILITY_FOTA,NET_CAPABILITY_IMS,NET_CAPABILITY_CBS,NET_CAPABILITY_INTERNET,NET_CAPABILITY_NOT_RESTRICTED,NET_CAPABILITY_TRUSTED,NET_CAPABILITY_NOT_VPN,NET_CAPABILITY_VALIDATED,NET_CAPABILITY_NOT_ROAMING,NET_CAPABILITY_NOT_CONGESTED,NET_CAPABILITY_NOT_SUSPENDED","signalStrength":-2147483648,"transportTypes":"TRANSPORT_CELLULAR"},"detailedState":"CONNECTED","extraInfo":"epc.tmobile.com","isAvailable":true,"isConnected":true,"isFailover":false,"isRoaming":false,"state":"CONNECTED","subtype":13,"subtypeName":"LTE","type":0,"typeName":"MOBILE"},{"ca...
[debug] &amp#27;[35m[ADB]&amp#27;[39m Running '/Users/tlaza/Library/Android/sdk/platform-tools/adb -P 5037 -s emulator-5554 shell dumpsys window'
&amp#27;[35m[AndroidDriver]&amp#27;[39m Screen already unlocked, doing nothing
&amp#27;[35m[UiAutomator2]&amp#27;[39m Starting 'com.androidsample.generalstore/com.androidsample.generalstore.SplashActivity and waiting for 'com.androidsample.generalstore/com.androidsample.generalstore.SplashActivity'
[debug] &amp#27;[35m[ADB]&amp#27;[39m Running '/Users/tlaza/Library/Android/sdk/platform-tools/adb -P 5037 -s emulator-5554 shell am start -W -n com.androidsample.generalstore/com.androidsample.generalstore.SplashActivity -S -a android.intent.action.MAIN -c android.intent.category.LAUNCHER -f 0x10200000'
[debug] &amp#27;[35m[ADB]&amp#27;[39m Waiting up to 20000ms for activity matching pkg: 'com.androidsample.generalstore' and activity: 'com.androidsample.generalstore.SplashActivity' to be focused
[debug] &amp#27;[35m[ADB]&amp#27;[39m Possible activities, to be checked: 'com.androidsample.generalstore.SplashActivity', 'com.androidsample.generalstore.com.androidsample.generalstore.SplashActivity'
[debug] &amp#27;[35m[ADB]&amp#27;[39m Getting focused package and activity
[debug] &amp#27;[35m[ADB]&amp#27;[39m Running '/Users/tlaza/Library/Android/sdk/platform-tools/adb -P 5037 -s emulator-5554 shell dumpsys window displays'
[debug] &amp#27;[35m[ADB]&amp#27;[39m Found package: 'com.androidsample.generalstore' and fully qualified activity name : 'com.androidsample.generalstore.SplashActivity'
[debug] &amp#27;[35m[WD Proxy]&amp#27;[39m Proxying [GET /appium/device/pixel_ratio] to [GET http://127.0.0.1:8200/wd/hub/session/ffc563b2-a1b7-478d-8b12-317bb3940fa7/appium/device/pixel_ratio] with no body
[debug] &amp#27;[35m[WD Proxy]&amp#27;[39m Got response with status 200: {"sessionId":"ffc563b2-a1b7-478d-8b12-317bb3940fa7","value":3.5}
[debug] &amp#27;[35m[WD Proxy]&amp#27;[39m Matched '/appium/device/system_bars' to command name 'getSystemBars'
[debug] &amp#27;[35m[WD Proxy]&amp#27;[39m Proxying [GET /appium/device/system_bars] to [GET http://127.0.0.1:8200/wd/hub/session/ffc563b2-a1b7-478d-8b12-317bb3940fa7/appium/device/system_bars] with no body
[debug] &amp#27;[35m[WD Proxy]&amp#27;[39m Got response with status 200: {"sessionId":"ffc563b2-a1b7-478d-8b12-317bb3940fa7","value":{"statusBar":84}}
[debug] &amp#27;[35m[WD Proxy]&amp#27;[39m Matched '/window/current/size' to command name 'getWindowSize'
[debug] &amp#27;[35m[WD Proxy]&amp#27;[39m Proxying [GET /window/current/size] to [GET http://127.0.0.1:8200/wd/hub/session/ffc563b2-a1b7-478d-8b12-317bb3940fa7/window/current/size] with no body
[debug] &amp#27;[35m[WD Proxy]&amp#27;[39m Got response with status 200: {"sessionId":"ffc563b2-a1b7-478d-8b12-317bb3940fa7","value":{"height":2712,"width":1440}}
&amp#27;[35m[Appium]&amp#27;[39m New AndroidUiautomator2Driver session created successfully, session fe69c2e8-5341-4ecd-b090-d9f6036f615e added to master session list
[debug] &amp#27;[35m[BaseDriver]&amp#27;[39m Event 'newSessionStarted' logged at 1645177044524 (11:37:24 GMT+0200 (Eastern European Standard Time))
[debug] &amp#27;[35m[W3C (fe69c2e8)]&amp#27;[39m Cached the protocol value 'W3C' for the new session fe69c2e8-5341-4ecd-b090-d9f6036f615e
[debug] &amp#27;[35m[W3C (fe69c2e8)]&amp#27;[39m Responding to client with driver.createSession() result: {"capabilities":{"platform":"LINUX","webStorageEnabled":false,"takesScreenshot":true,"javascriptEnabled":true,"databaseEnabled":false,"networkConnectionEnabled":true,"locationContextEnabled":false,"warnings":{},"desired":{"platformName":"android","app":"/Users/tlaza/eclipse-workspace/AppiumFramework/src/main/java/practise/AppiumFramework/General-Store.apk","automationName":"uiautomator2","deviceName":"InfinityEmulator"},"platformName":"android","app":"/Users/tlaza/eclipse-workspace/AppiumFramework/src/main/java/practise/AppiumFramework/General-Store.apk","automationName":"uiautomator2","deviceName":"emulator-5554","deviceUDID":"emulator-5554","appPackage":"com.androidsample.generalstore","deviceApiLevel":30,"platformVersion":"11","deviceScreenSize":"1440x2880","deviceScreenDensity":560,"deviceModel":"Android SDK built for x86","deviceManufacturer":"unknown","pixelRatio":3.5,"statBarHeight":84,"viewportRect":{"left":0,"top":84,"width":1440,"height":2628}}}
&amp#27;[35m[HTTP]&amp#27;[39m &amp#27;[37m<-- POST /wd/hub/session &amp#27;[39m&amp#27;[32m200&amp#27;[39m &amp#27;[90m13525 ms - 1030&amp#27;[39m
&amp#27;[35m[HTTP]&amp#27;[39m &amp#27;[90m&amp#27;[39m
&amp#27;[35m[HTTP]&amp#27;[39m &amp#27;[37m-->&amp#27;[39m &amp#27;[37mPOST&amp#27;[39m &amp#27;[37m/wd/hub/session/fe69c2e8-5341-4ecd-b090-d9f6036f615e/timeouts&amp#27;[39m
&amp#27;[35m[HTTP]&amp#27;[39m &amp#27;[90m{"implicit":10000}&amp#27;[39m
[debug] &amp#27;[35m[W3C (fe69c2e8)]&amp#27;[39m Calling AppiumDriver.timeouts() with args: [null,null,null,null,10000,"fe69c2e8-5341-4ecd-b090-d9f6036f615e"]
[debug] &amp#27;[35m[BaseDriver]&amp#27;[39m W3C timeout argument: {"implicit":10000}}
[debug] &amp#27;[35m[BaseDriver]&amp#27;[39m Set implicit wait to 10000ms
[debug] &amp#27;[35m[W3C (fe69c2e8)]&amp#27;[39m Responding to client with driver.timeouts() result: null
&amp#27;[35m[HTTP]&amp#27;[39m &amp#27;[37m<-- POST /wd/hub/session/fe69c2e8-5341-4ecd-b090-d9f6036f615e/timeouts &amp#27;[39m&amp#27;[32m200&amp#27;[39m &amp#27;[90m7 ms - 14&amp#27;[39m
&amp#27;[35m[HTTP]&amp#27;[39m &amp#27;[90m&amp#27;[39m
&amp#27;[35m[HTTP]&amp#27;[39m &amp#27;[37m-->&amp#27;[39m &amp#27;[37mPOST&amp#27;[39m &amp#27;[37m/wd/hub/session/fe69c2e8-5341-4ecd-b090-d9f6036f615e/timeouts&amp#27;[39m
&amp#27;[35m[HTTP]&amp#27;[39m &amp#27;[90m{"implicit":10000}&amp#27;[39m
[debug] &amp#27;[35m[W3C (fe69c2e8)]&amp#27;[39m Calling AppiumDriver.timeouts() with args: [null,null,null,null,10000,"fe69c2e8-5341-4ecd-b090-d9f6036f615e"]
[debug] &amp#27;[35m[BaseDriver]&amp#27;[39m W3C timeout argument: {"implicit":10000}}
[debug] &amp#27;[35m[BaseDriver]&amp#27;[39m Set implicit wait to 10000ms
[debug] &amp#27;[35m[W3C (fe69c2e8)]&amp#27;[39m Responding to client with driver.timeouts() result: null
&amp#27;[35m[HTTP]&amp#27;[39m &amp#27;[37m<-- POST /wd/hub/session/fe69c2e8-5341-4ecd-b090-d9f6036f615e/timeouts &amp#27;[39m&amp#27;[32m200&amp#27;[39m &amp#27;[90m2 ms - 14&amp#27;[39m
&amp#27;[35m[HTTP]&amp#27;[39m &amp#27;[90m&amp#27;[39m
&amp#27;[35m[HTTP]&amp#27;[39m &amp#27;[37m-->&amp#27;[39m &amp#27;[37mGET&amp#27;[39m &amp#27;[37m/wd/hub/session/fe69c2e8-5341-4ecd-b090-d9f6036f615e/context&amp#27;[39m
&amp#27;[35m[HTTP]&amp#27;[39m &amp#27;[90m{}&amp#27;[39m
[debug] &amp#27;[35m[W3C (fe69c2e8)]&amp#27;[39m Calling AppiumDriver.getCurrentContext() with args: ["fe69c2e8-5341-4ecd-b090-d9f6036f615e"]
[debug] &amp#27;[35m[W3C (fe69c2e8)]&amp#27;[39m Responding to client with driver.getCurrentContext() result: "NATIVE_APP"
&amp#27;[35m[HTTP]&amp#27;[39m &amp#27;[37m<-- GET /wd/hub/session/fe69c2e8-5341-4ecd-b090-d9f6036f615e/context &amp#27;[39m&amp#27;[32m200&amp#27;[39m &amp#27;[90m6 ms - 22&amp#27;[39m
&amp#27;[35m[HTTP]&amp#27;[39m &amp#27;[90m&amp#27;[39m
&amp#27;[35m[HTTP]&amp#27;[39m &amp#27;[37m-->&amp#27;[39m &amp#27;[37mPOST&amp#27;[39m &amp#27;[37m/wd/hub/session/fe69c2e8-5341-4ecd-b090-d9f6036f615e/element&amp#27;[39m
&amp#27;[35m[HTTP]&amp#27;[39m &amp#27;[90m{"using":"id","value":"com.androidsample.generalstore:id/nameField"}&amp#27;[39m
[debug] &amp#27;[35m[W3C (fe69c2e8)]&amp#27;[39m Calling AppiumDriver.findElement() with args: ["id","com.androidsample.generalstore:id/nameField","fe69c2e8-5341-4ecd-b090-d9f6036f615e"]
[debug] &amp#27;[35m[BaseDriver]&amp#27;[39m Valid locator strategies for this request: xpath, id, class name, accessibility id, css selector, -android uiautomator
[debug] &amp#27;[35m[BaseDriver]&amp#27;[39m Waiting up to 10000 ms for condition
[debug] &amp#27;[35m[WD Proxy]&amp#27;[39m Matched '/element' to command name 'findElement'
[debug] &amp#27;[35m[WD Proxy]&amp#27;[39m Proxying [POST /element] to [POST http://127.0.0.1:8200/wd/hub/session/ffc563b2-a1b7-478d-8b12-317bb3940fa7/element] with body: {"strategy":"id","selector":"com.androidsample.generalstore:id/nameField","context":"","multiple":false}
&amp#27;[35m[WD Proxy]&amp#27;[39m Got response with status 404: {"sessionId":"ffc563b2-a1b7-478d-8b12-317bb3940fa7","value":{"error":"no such element","message":"An element could not be located on the page using the given search parameters","stacktrace":"io.appium.uiautomator2.common.exceptions.ElementNotFoundException: An element could not be located on the page using the given search parameters\n\tat io.appium.uiautomator2.handler.FindElement.safeHandle(FindElement.java:70)\n\tat io.appium.uiautomator2.handler.request.SafeRequestHandler.handle(SafeRequestHandler.java:59)\n\tat io.appium.uiautomator2.server.AppiumServlet.handleRequest(AppiumServlet.java:266)\n\tat io.appium.uiautomator2.server.AppiumServlet.handleHttpRequest(AppiumServlet.java:260)\n\tat io.appium.uiautomator2.http.ServerHandler.channelRead(ServerHandler.java:68)\n\tat io.netty.channel.AbstractChannelHandlerContext.invokeChannelRead(AbstractChannelHandlerContext.java:366)\n\tat io.netty.channel.AbstractChannelHandlerContext.invokeChannelRead(AbstractChannelHandlerContext.java:352)\n\tat io.netty.chann...
[debug] &amp#27;[35m[W3C]&amp#27;[39m Matched W3C error code 'no such element' to NoSuchElementError
[debug] &amp#27;[35m[BaseDriver]&amp#27;[39m Waited for 103 ms so far
[debug] &amp#27;[35m[WD Proxy]&amp#27;[39m Matched '/element' to command name 'findElement'
[debug] &amp#27;[35m[WD Proxy]&amp#27;[39m Proxying [POST /element] to [POST http://127.0.0.1:8200/wd/hub/session/ffc563b2-a1b7-478d-8b12-317bb3940fa7/element] with body: {"strategy":"id","selector":"com.androidsample.generalstore:id/nameField","context":"","multiple":false}
&amp#27;[35m[WD Proxy]&amp#27;[39m Got response with status 404: {"sessionId":"ffc563b2-a1b7-478d-8b12-317bb3940fa7","value":{"error":"no such element","message":"An element could not be located on the page using the given search parameters","stacktrace":"io.appium.uiautomator2.common.exceptions.ElementNotFoundException: An element could not be located on the page using the given search parameters\n\tat io.appium.uiautomator2.handler.FindElement.safeHandle(FindElement.java:70)\n\tat io.appium.uiautomator2.handler.request.SafeRequestHandler.handle(SafeRequestHandler.java:59)\n\tat io.appium.uiautomator2.server.AppiumServlet.handleRequest(AppiumServlet.java:266)\n\tat io.appium.uiautomator2.server.AppiumServlet.handleHttpRequest(AppiumServlet.java:260)\n\tat io.appium.uiautomator2.http.ServerHandler.channelRead(ServerHandler.java:68)\n\tat io.netty.channel.AbstractChannelHandlerContext.invokeChannelRead(AbstractChannelHandlerContext.java:366)\n\tat io.netty.channel.AbstractChannelHandlerContext.invokeChannelRead(AbstractChannelHandlerContext.java:352)\n\tat io.netty.chann...
[debug] &amp#27;[35m[W3C]&amp#27;[39m Matched W3C error code 'no such element' to NoSuchElementError
[debug] &amp#27;[35m[BaseDriver]&amp#27;[39m Waited for 626 ms so far
[debug] &amp#27;[35m[WD Proxy]&amp#27;[39m Matched '/element' to command name 'findElement'
[debug] &amp#27;[35m[WD Proxy]&amp#27;[39m Proxying [POST /element] to [POST http://127.0.0.1:8200/wd/hub/session/ffc563b2-a1b7-478d-8b12-317bb3940fa7/element] with body: {"strategy":"id","selector":"com.androidsample.generalstore:id/nameField","context":"","multiple":false}
&amp#27;[35m[WD Proxy]&amp#27;[39m Got response with status 404: {"sessionId":"ffc563b2-a1b7-478d-8b12-317bb3940fa7","value":{"error":"no such element","message":"An element could not be located on the page using the given search parameters","stacktrace":"io.appium.uiautomator2.common.exceptions.ElementNotFoundException: An element could not be located on the page using the given search parameters\n\tat io.appium.uiautomator2.handler.FindElement.safeHandle(FindElement.java:70)\n\tat io.appium.uiautomator2.handler.request.SafeRequestHandler.handle(SafeRequestHandler.java:59)\n\tat io.appium.uiautomator2.server.AppiumServlet.handleRequest(AppiumServlet.java:266)\n\tat io.appium.uiautomator2.server.AppiumServlet.handleHttpRequest(AppiumServlet.java:260)\n\tat io.appium.uiautomator2.http.ServerHandler.channelRead(ServerHandler.java:68)\n\tat io.netty.channel.AbstractChannelHandlerContext.invokeChannelRead(AbstractChannelHandlerContext.java:366)\n\tat io.netty.channel.AbstractChannelHandlerContext.invokeChannelRead(AbstractChannelHandlerContext.java:352)\n\tat io.netty.chann...
[debug] &amp#27;[35m[W3C]&amp#27;[39m Matched W3C error code 'no such element' to NoSuchElementError
[debug] &amp#27;[35m[BaseDriver]&amp#27;[39m Waited for 1145 ms so far
[debug] &amp#27;[35m[WD Proxy]&amp#27;[39m Matched '/element' to command name 'findElement'
[debug] &amp#27;[35m[WD Proxy]&amp#27;[39m Proxying [POST /element] to [POST http://127.0.0.1:8200/wd/hub/session/ffc563b2-a1b7-478d-8b12-317bb3940fa7/element] with body: {"strategy":"id","selector":"com.androidsample.generalstore:id/nameField","context":"","multiple":false}
&amp#27;[35m[WD Proxy]&amp#27;[39m Got response with status 404: {"sessionId":"ffc563b2-a1b7-478d-8b12-317bb3940fa7","value":{"error":"no such element","message":"An element could not be located on the page using the given search parameters","stacktrace":"io.appium.uiautomator2.common.exceptions.ElementNotFoundException: An element could not be located on the page using the given search parameters\n\tat io.appium.uiautomator2.handler.FindElement.safeHandle(FindElement.java:70)\n\tat io.appium.uiautomator2.handler.request.SafeRequestHandler.handle(SafeRequestHandler.java:59)\n\tat io.appium.uiautomator2.server.AppiumServlet.handleRequest(AppiumServlet.java:266)\n\tat io.appium.uiautomator2.server.AppiumServlet.handleHttpRequest(AppiumServlet.java:260)\n\tat io.appium.uiautomator2.http.ServerHandler.channelRead(ServerHandler.java:68)\n\tat io.netty.channel.AbstractChannelHandlerContext.invokeChannelRead(AbstractChannelHandlerContext.java:366)\n\tat io.netty.channel.AbstractChannelHandlerContext.invokeChannelRead(AbstractChannelHandlerContext.java:352)\n\tat io.netty.chann...
[debug] &amp#27;[35m[W3C]&amp#27;[39m Matched W3C error code 'no such element' to NoSuchElementError
[debug] &amp#27;[35m[BaseDriver]&amp#27;[39m Waited for 1661 ms so far
[debug] &amp#27;[35m[WD Proxy]&amp#27;[39m Matched '/element' to command name 'findElement'
[debug] &amp#27;[35m[WD Proxy]&amp#27;[39m Proxying [POST /element] to [POST http://127.0.0.1:8200/wd/hub/session/ffc563b2-a1b7-478d-8b12-317bb3940fa7/element] with body: {"strategy":"id","selector":"com.androidsample.generalstore:id/nameField","context":"","multiple":false}
[debug] &amp#27;[35m[WD Proxy]&amp#27;[39m Got response with status 200: {"sessionId":"ffc563b2-a1b7-478d-8b12-317bb3940fa7","value":{"ELEMENT":"00000000-0000-0137-ffff-ffff0000001d","element-6066-11e4-a52e-4f735466cecf":"00000000-0000-0137-ffff-ffff0000001d"}}
[debug] &amp#27;[35m[W3C (fe69c2e8)]&amp#27;[39m Responding to client with driver.findElement() result: {"element-6066-11e4-a52e-4f735466cecf":"00000000-0000-0137-ffff-ffff0000001d","ELEMENT":"00000000-0000-0137-ffff-ffff0000001d"}
&amp#27;[35m[HTTP]&amp#27;[39m &amp#27;[37m<-- POST /wd/hub/session/fe69c2e8-5341-4ecd-b090-d9f6036f615e/element &amp#27;[39m&amp#27;[32m200&amp#27;[39m &amp#27;[90m3105 ms - 137&amp#27;[39m
&amp#27;[35m[HTTP]&amp#27;[39m &amp#27;[90m&amp#27;[39m
&amp#27;[35m[HTTP]&amp#27;[39m &amp#27;[37m-->&amp#27;[39m &amp#27;[37mPOST&amp#27;[39m &amp#27;[37m/wd/hub/session/fe69c2e8-5341-4ecd-b090-d9f6036f615e/element/00000000-0000-0137-ffff-ffff0000001d/value&amp#27;[39m
&amp#27;[35m[HTTP]&amp#27;[39m &amp#27;[90m{"id":"00000000-0000-0137-ffff-ffff0000001d","text":"Toma Lazarov","value":["T","o","m","a"," ","L","a","z","a","r","o","v"]}&amp#27;[39m
[debug] &amp#27;[35m[W3C (fe69c2e8)]&amp#27;[39m Calling AppiumDriver.setValue() with args: [["T","o","m","a"," ","L","a","z","a","r","o","v"],"00000000-0000-0137-ffff-ffff0000001d","fe69c2e8-5341-4ecd-b090-d9f6036f615e"]
[debug] &amp#27;[35m[WD Proxy]&amp#27;[39m Matched '/element/00000000-0000-0137-ffff-ffff0000001d/value' to command name 'setValue'
[debug] &amp#27;[35m[Protocol Converter]&amp#27;[39m Added 'value' property ["T","o","m","a"," ","L","a","z","a","r","o","v"] to 'setValue' request body
[debug] &amp#27;[35m[WD Proxy]&amp#27;[39m Proxying [POST /element/00000000-0000-0137-ffff-ffff0000001d/value] to [POST http://127.0.0.1:8200/wd/hub/session/ffc563b2-a1b7-478d-8b12-317bb3940fa7/element/00000000-0000-0137-ffff-ffff0000001d/value] with body: {"elementId":"00000000-0000-0137-ffff-ffff0000001d","text":"Toma Lazarov","replace":false,"value":["T","o","m","a"," ","L","a","z","a","r","o","v"]}
[debug] &amp#27;[35m[WD Proxy]&amp#27;[39m Got response with status 200: {"sessionId":"ffc563b2-a1b7-478d-8b12-317bb3940fa7","value":null}
[debug] &amp#27;[35m[W3C (fe69c2e8)]&amp#27;[39m Responding to client with driver.setValue() result: null
&amp#27;[35m[HTTP]&amp#27;[39m &amp#27;[37m<-- POST /wd/hub/session/fe69c2e8-5341-4ecd-b090-d9f6036f615e/element/00000000-0000-0137-ffff-ffff0000001d/value &amp#27;[39m&amp#27;[32m200&amp#27;[39m &amp#27;[90m569 ms - 14&amp#27;[39m
&amp#27;[35m[HTTP]&amp#27;[39m &amp#27;[90m&amp#27;[39m
&amp#27;[35m[HTTP]&amp#27;[39m &amp#27;[37m-->&amp#27;[39m &amp#27;[37mPOST&amp#27;[39m &amp#27;[37m/wd/hub/session/fe69c2e8-5341-4ecd-b090-d9f6036f615e/appium/device/hide_keyboard&amp#27;[39m
&amp#27;[35m[HTTP]&amp#27;[39m &amp#27;[90m{}&amp#27;[39m
[debug] &amp#27;[35m[W3C (fe69c2e8)]&amp#27;[39m Calling AppiumDriver.hideKeyboard() with args: [null,null,null,null,"fe69c2e8-5341-4ecd-b090-d9f6036f615e"]
[debug] &amp#27;[35m[ADB]&amp#27;[39m Running '/Users/tlaza/Library/Android/sdk/platform-tools/adb -P 5037 -s emulator-5554 shell dumpsys input_method'
&amp#27;[35m[ADB]&amp#27;[39m Keyboard has no UI; no closing necessary
[debug] &amp#27;[35m[W3C (fe69c2e8)]&amp#27;[39m Responding to client with driver.hideKeyboard() result: false
&amp#27;[35m[HTTP]&amp#27;[39m &amp#27;[37m<-- POST /wd/hub/session/fe69c2e8-5341-4ecd-b090-d9f6036f615e/appium/device/hide_keyboard &amp#27;[39m&amp#27;[32m200&amp#27;[39m &amp#27;[90m157 ms - 15&amp#27;[39m
&amp#27;[35m[HTTP]&amp#27;[39m &amp#27;[90m&amp#27;[39m
&amp#27;[35m[HTTP]&amp#27;[39m &amp#27;[37m-->&amp#27;[39m &amp#27;[37mGET&amp#27;[39m &amp#27;[37m/wd/hub/session/fe69c2e8-5341-4ecd-b090-d9f6036f615e/context&amp#27;[39m
&amp#27;[35m[HTTP]&amp#27;[39m &amp#27;[90m{}&amp#27;[39m
[debug] &amp#27;[35m[W3C (fe69c2e8)]&amp#27;[39m Calling AppiumDriver.getCurrentContext() with args: ["fe69c2e8-5341-4ecd-b090-d9f6036f615e"]
[debug] &amp#27;[35m[W3C (fe69c2e8)]&amp#27;[39m Responding to client with driver.getCurrentContext() result: "NATIVE_APP"
&amp#27;[35m[HTTP]&amp#27;[39m &amp#27;[37m<-- GET /wd/hub/session/fe69c2e8-5341-4ecd-b090-d9f6036f615e/context &amp#27;[39m&amp#27;[32m200&amp#27;[39m &amp#27;[90m2 ms - 22&amp#27;[39m
&amp#27;[35m[HTTP]&amp#27;[39m &amp#27;[90m&amp#27;[39m
&amp#27;[35m[HTTP]&amp#27;[39m &amp#27;[37m-->&amp#27;[39m &amp#27;[37mPOST&amp#27;[39m &amp#27;[37m/wd/hub/session/fe69c2e8-5341-4ecd-b090-d9f6036f615e/element&amp#27;[39m
&amp#27;[35m[HTTP]&amp#27;[39m &amp#27;[90m{"using":"xpath","value":"//android.widget.RadioButton[@text='Female']"}&amp#27;[39m
[debug] &amp#27;[35m[W3C (fe69c2e8)]&amp#27;[39m Calling AppiumDriver.findElement() with args: ["xpath","//android.widget.RadioButton[@text='Female']","fe69c2e8-5341-4ecd-b090-d9f6036f615e"]
[debug] &amp#27;[35m[BaseDriver]&amp#27;[39m Valid locator strategies for this request: xpath, id, class name, accessibility id, css selector, -android uiautomator
[debug] &amp#27;[35m[BaseDriver]&amp#27;[39m Waiting up to 10000 ms for condition
[debug] &amp#27;[35m[WD Proxy]&amp#27;[39m Matched '/element' to command name 'findElement'
[debug] &amp#27;[35m[WD Proxy]&amp#27;[39m Proxying [POST /element] to [POST http://127.0.0.1:8200/wd/hub/session/ffc563b2-a1b7-478d-8b12-317bb3940fa7/element] with body: {"strategy":"xpath","selector":"//android.widget.RadioButton[@text='Female']","context":"","multiple":false}
[debug] &amp#27;[35m[WD Proxy]&amp#27;[39m Got response with status 200: {"sessionId":"ffc563b2-a1b7-478d-8b12-317bb3940fa7","value":{"ELEMENT":"00000000-0000-0137-ffff-ffff00000021","element-6066-11e4-a52e-4f735466cecf":"00000000-0000-0137-ffff-ffff00000021"}}
[debug] &amp#27;[35m[W3C (fe69c2e8)]&amp#27;[39m Responding to client with driver.findElement() result: {"element-6066-11e4-a52e-4f735466cecf":"00000000-0000-0137-ffff-ffff00000021","ELEMENT":"00000000-0000-0137-ffff-ffff00000021"}
&amp#27;[35m[HTTP]&amp#27;[39m &amp#27;[37m<-- POST /wd/hub/session/fe69c2e8-5341-4ecd-b090-d9f6036f615e/element &amp#27;[39m&amp#27;[32m200&amp#27;[39m &amp#27;[90m879 ms - 137&amp#27;[39m
&amp#27;[35m[HTTP]&amp#27;[39m &amp#27;[90m&amp#27;[39m
&amp#27;[35m[HTTP]&amp#27;[39m &amp#27;[37m-->&amp#27;[39m &amp#27;[37mPOST&amp#27;[39m &amp#27;[37m/wd/hub/session/fe69c2e8-5341-4ecd-b090-d9f6036f615e/element/00000000-0000-0137-ffff-ffff00000021/click&amp#27;[39m
&amp#27;[35m[HTTP]&amp#27;[39m &amp#27;[90m{"id":"00000000-0000-0137-ffff-ffff00000021"}&amp#27;[39m
[debug] &amp#27;[35m[W3C (fe69c2e8)]&amp#27;[39m Calling AppiumDriver.click() with args: ["00000000-0000-0137-ffff-ffff00000021","fe69c2e8-5341-4ecd-b090-d9f6036f615e"]
[debug] &amp#27;[35m[WD Proxy]&amp#27;[39m Matched '/element/00000000-0000-0137-ffff-ffff00000021/click' to command name 'click'
[debug] &amp#27;[35m[WD Proxy]&amp#27;[39m Proxying [POST /element/00000000-0000-0137-ffff-ffff00000021/click] to [POST http://127.0.0.1:8200/wd/hub/session/ffc563b2-a1b7-478d-8b12-317bb3940fa7/element/00000000-0000-0137-ffff-ffff00000021/click] with body: {"element":"00000000-0000-0137-ffff-ffff00000021"}
[debug] &amp#27;[35m[WD Proxy]&amp#27;[39m Got response with status 200: {"sessionId":"ffc563b2-a1b7-478d-8b12-317bb3940fa7","value":null}
[debug] &amp#27;[35m[W3C (fe69c2e8)]&amp#27;[39m Responding to client with driver.click() result: null
&amp#27;[35m[HTTP]&amp#27;[39m &amp#27;[37m<-- POST /wd/hub/session/fe69c2e8-5341-4ecd-b090-d9f6036f615e/element/00000000-0000-0137-ffff-ffff00000021/click &amp#27;[39m&amp#27;[32m200&amp#27;[39m &amp#27;[90m87 ms - 14&amp#27;[39m
&amp#27;[35m[HTTP]&amp#27;[39m &amp#27;[90m&amp#27;[39m
&amp#27;[35m[HTTP]&amp#27;[39m &amp#27;[37m-->&amp#27;[39m &amp#27;[37mGET&amp#27;[39m &amp#27;[37m/wd/hub/session/fe69c2e8-5341-4ecd-b090-d9f6036f615e/context&amp#27;[39m
&amp#27;[35m[HTTP]&amp#27;[39m &amp#27;[90m{}&amp#27;[39m
[debug] &amp#27;[35m[W3C (fe69c2e8)]&amp#27;[39m Calling AppiumDriver.getCurrentContext() with args: ["fe69c2e8-5341-4ecd-b090-d9f6036f615e"]
[debug] &amp#27;[35m[W3C (fe69c2e8)]&amp#27;[39m Responding to client with driver.getCurrentContext() result: "NATIVE_APP"
&amp#27;[35m[HTTP]&amp#27;[39m &amp#27;[37m<-- GET /wd/hub/session/fe69c2e8-5341-4ecd-b090-d9f6036f615e/context &amp#27;[39m&amp#27;[32m200&amp#27;[39m &amp#27;[90m3 ms - 22&amp#27;[39m
&amp#27;[35m[HTTP]&amp#27;[39m &amp#27;[90m&amp#27;[39m
&amp#27;[35m[HTTP]&amp#27;[39m &amp#27;[37m-->&amp#27;[39m &amp#27;[37mPOST&amp#27;[39m &amp#27;[37m/wd/hub/session/fe69c2e8-5341-4ecd-b090-d9f6036f615e/element&amp#27;[39m
&amp#27;[35m[HTTP]&amp#27;[39m &amp#27;[90m{"using":"id","value":"android:id/text1"}&amp#27;[39m
[debug] &amp#27;[35m[W3C (fe69c2e8)]&amp#27;[39m Calling AppiumDriver.findElement() with args: ["id","android:id/text1","fe69c2e8-5341-4ecd-b090-d9f6036f615e"]
[debug] &amp#27;[35m[BaseDriver]&amp#27;[39m Valid locator strategies for this request: xpath, id, class name, accessibility id, css selector, -android uiautomator
[debug] &amp#27;[35m[BaseDriver]&amp#27;[39m Waiting up to 10000 ms for condition
[debug] &amp#27;[35m[WD Proxy]&amp#27;[39m Matched '/element' to command name 'findElement'
[debug] &amp#27;[35m[WD Proxy]&amp#27;[39m Proxying [POST /element] to [POST http://127.0.0.1:8200/wd/hub/session/ffc563b2-a1b7-478d-8b12-317bb3940fa7/element] with body: {"strategy":"id","selector":"android:id/text1","context":"","multiple":false}
[debug] &amp#27;[35m[WD Proxy]&amp#27;[39m Got response with status 200: {"sessionId":"ffc563b2-a1b7-478d-8b12-317bb3940fa7","value":{"ELEMENT":"00000000-0000-0137-ffff-ffff00000024","element-6066-11e4-a52e-4f735466cecf":"00000000-0000-0137-ffff-ffff00000024"}}
[debug] &amp#27;[35m[W3C (fe69c2e8)]&amp#27;[39m Responding to client with driver.findElement() result: {"element-6066-11e4-a52e-4f735466cecf":"00000000-0000-0137-ffff-ffff00000024","ELEMENT":"00000000-0000-0137-ffff-ffff00000024"}
&amp#27;[35m[HTTP]&amp#27;[39m &amp#27;[37m<-- POST /wd/hub/session/fe69c2e8-5341-4ecd-b090-d9f6036f615e/element &amp#27;[39m&amp#27;[32m200&amp#27;[39m &amp#27;[90m587 ms - 137&amp#27;[39m
&amp#27;[35m[HTTP]&amp#27;[39m &amp#27;[90m&amp#27;[39m
&amp#27;[35m[HTTP]&amp#27;[39m &amp#27;[37m-->&amp#27;[39m &amp#27;[37mPOST&amp#27;[39m &amp#27;[37m/wd/hub/session/fe69c2e8-5341-4ecd-b090-d9f6036f615e/element/00000000-0000-0137-ffff-ffff00000024/click&amp#27;[39m
&amp#27;[35m[HTTP]&amp#27;[39m &amp#27;[90m{"id":"00000000-0000-0137-ffff-ffff00000024"}&amp#27;[39m
[debug] &amp#27;[35m[W3C (fe69c2e8)]&amp#27;[39m Calling AppiumDriver.click() with args: ["00000000-0000-0137-ffff-ffff00000024","fe69c2e8-5341-4ecd-b090-d9f6036f615e"]
[debug] &amp#27;[35m[WD Proxy]&amp#27;[39m Matched '/element/00000000-0000-0137-ffff-ffff00000024/click' to command name 'click'
[debug] &amp#27;[35m[WD Proxy]&amp#27;[39m Proxying [POST /element/00000000-0000-0137-ffff-ffff00000024/click] to [POST http://127.0.0.1:8200/wd/hub/session/ffc563b2-a1b7-478d-8b12-317bb3940fa7/element/00000000-0000-0137-ffff-ffff00000024/click] with body: {"element":"00000000-0000-0137-ffff-ffff00000024"}
[debug] &amp#27;[35m[WD Proxy]&amp#27;[39m Got response with status 200: {"sessionId":"ffc563b2-a1b7-478d-8b12-317bb3940fa7","value":null}
[debug] &amp#27;[35m[W3C (fe69c2e8)]&amp#27;[39m Responding to client with driver.click() result: null
&amp#27;[35m[HTTP]&amp#27;[39m &amp#27;[37m<-- POST /wd/hub/session/fe69c2e8-5341-4ecd-b090-d9f6036f615e/element/00000000-0000-0137-ffff-ffff00000024/click &amp#27;[39m&amp#27;[32m200&amp#27;[39m &amp#27;[90m78 ms - 14&amp#27;[39m
&amp#27;[35m[HTTP]&amp#27;[39m &amp#27;[90m&amp#27;[39m
&amp#27;[35m[HTTP]&amp#27;[39m &amp#27;[37m-->&amp#27;[39m &amp#27;[37mPOST&amp#27;[39m &amp#27;[37m/wd/hub/session/fe69c2e8-5341-4ecd-b090-d9f6036f615e/element&amp#27;[39m
&amp#27;[35m[HTTP]&amp#27;[39m &amp#27;[90m{"using":"-android uiautomator","value":"new UiScrollable(new UiSelector()).scrollIntoView(text(\"Bulgaria\"));"}&amp#27;[39m
[debug] &amp#27;[35m[W3C (fe69c2e8)]&amp#27;[39m Calling AppiumDriver.findElement() with args: ["-android uiautomator","new UiScrollable(new UiSelector()).scrollIntoView(text(\"Bulgaria\"));","fe69c2e8-5341-4ecd-b090-d9f6036f615e"]
[debug] &amp#27;[35m[BaseDriver]&amp#27;[39m Valid locator strategies for this request: xpath, id, class name, accessibility id, css selector, -android uiautomator
[debug] &amp#27;[35m[BaseDriver]&amp#27;[39m Waiting up to 10000 ms for condition
[debug] &amp#27;[35m[WD Proxy]&amp#27;[39m Matched '/element' to command name 'findElement'
[debug] &amp#27;[35m[WD Proxy]&amp#27;[39m Proxying [POST /element] to [POST http://127.0.0.1:8200/wd/hub/session/ffc563b2-a1b7-478d-8b12-317bb3940fa7/element] with body: {"strategy":"-android uiautomator","selector":"new UiScrollable(new UiSelector()).scrollIntoView(text(\"Bulgaria\"));","context":"","multiple":false}
[debug] &amp#27;[35m[WD Proxy]&amp#27;[39m Got response with status 200: {"sessionId":"ffc563b2-a1b7-478d-8b12-317bb3940fa7","value":{"ELEMENT":"00000000-0000-0138-ffff-ffff0000002c","element-6066-11e4-a52e-4f735466cecf":"00000000-0000-0138-ffff-ffff0000002c"}}
[debug] &amp#27;[35m[W3C (fe69c2e8)]&amp#27;[39m Responding to client with driver.findElement() result: {"element-6066-11e4-a52e-4f735466cecf":"00000000-0000-0138-ffff-ffff0000002c","ELEMENT":"00000000-0000-0138-ffff-ffff0000002c"}
&amp#27;[35m[HTTP]&amp#27;[39m &amp#27;[37m<-- POST /wd/hub/session/fe69c2e8-5341-4ecd-b090-d9f6036f615e/element &amp#27;[39m&amp#27;[32m200&amp#27;[39m &amp#27;[90m12681 ms - 137&amp#27;[39m
&amp#27;[35m[HTTP]&amp#27;[39m &amp#27;[90m&amp#27;[39m
&amp#27;[35m[HTTP]&amp#27;[39m &amp#27;[37m-->&amp#27;[39m &amp#27;[37mGET&amp#27;[39m &amp#27;[37m/wd/hub/session/fe69c2e8-5341-4ecd-b090-d9f6036f615e/context&amp#27;[39m
&amp#27;[35m[HTTP]&amp#27;[39m &amp#27;[90m{}&amp#27;[39m
[debug] &amp#27;[35m[W3C (fe69c2e8)]&amp#27;[39m Calling AppiumDriver.getCurrentContext() with args: ["fe69c2e8-5341-4ecd-b090-d9f6036f615e"]
[debug] &amp#27;[35m[W3C (fe69c2e8)]&amp#27;[39m Responding to client with driver.getCurrentContext() result: "NATIVE_APP"
&amp#27;[35m[HTTP]&amp#27;[39m &amp#27;[37m<-- GET /wd/hub/session/fe69c2e8-5341-4ecd-b090-d9f6036f615e/context &amp#27;[39m&amp#27;[32m200&amp#27;[39m &amp#27;[90m3 ms - 22&amp#27;[39m
&amp#27;[35m[HTTP]&amp#27;[39m &amp#27;[90m&amp#27;[39m
&amp#27;[35m[HTTP]&amp#27;[39m &amp#27;[37m-->&amp#27;[39m &amp#27;[37mPOST&amp#27;[39m &amp#27;[37m/wd/hub/session/fe69c2e8-5341-4ecd-b090-d9f6036f615e/element&amp#27;[39m
&amp#27;[35m[HTTP]&amp#27;[39m &amp#27;[90m{"using":"xpath","value":"//*[@text='Bulgaria']"}&amp#27;[39m
[debug] &amp#27;[35m[W3C (fe69c2e8)]&amp#27;[39m Calling AppiumDriver.findElement() with args: ["xpath","//*[@text='Bulgaria']","fe69c2e8-5341-4ecd-b090-d9f6036f615e"]
[debug] &amp#27;[35m[BaseDriver]&amp#27;[39m Valid locator strategies for this request: xpath, id, class name, accessibility id, css selector, -android uiautomator
[debug] &amp#27;[35m[BaseDriver]&amp#27;[39m Waiting up to 10000 ms for condition
[debug] &amp#27;[35m[WD Proxy]&amp#27;[39m Matched '/element' to command name 'findElement'
[debug] &amp#27;[35m[WD Proxy]&amp#27;[39m Proxying [POST /element] to [POST http://127.0.0.1:8200/wd/hub/session/ffc563b2-a1b7-478d-8b12-317bb3940fa7/element] with body: {"strategy":"xpath","selector":"//*[@text='Bulgaria']","context":"","multiple":false}
[debug] &amp#27;[35m[WD Proxy]&amp#27;[39m Got response with status 200: {"sessionId":"ffc563b2-a1b7-478d-8b12-317bb3940fa7","value":{"ELEMENT":"00000000-0000-0138-ffff-ffff0000002c","element-6066-11e4-a52e-4f735466cecf":"00000000-0000-0138-ffff-ffff0000002c"}}
[debug] &amp#27;[35m[W3C (fe69c2e8)]&amp#27;[39m Responding to client with driver.findElement() result: {"element-6066-11e4-a52e-4f735466cecf":"00000000-0000-0138-ffff-ffff0000002c","ELEMENT":"00000000-0000-0138-ffff-ffff0000002c"}
&amp#27;[35m[HTTP]&amp#27;[39m &amp#27;[37m<-- POST /wd/hub/session/fe69c2e8-5341-4ecd-b090-d9f6036f615e/element &amp#27;[39m&amp#27;[32m200&amp#27;[39m &amp#27;[90m118 ms - 137&amp#27;[39m
&amp#27;[35m[HTTP]&amp#27;[39m &amp#27;[90m&amp#27;[39m
&amp#27;[35m[HTTP]&amp#27;[39m &amp#27;[37m-->&amp#27;[39m &amp#27;[37mPOST&amp#27;[39m &amp#27;[37m/wd/hub/session/fe69c2e8-5341-4ecd-b090-d9f6036f615e/element/00000000-0000-0138-ffff-ffff0000002c/click&amp#27;[39m
&amp#27;[35m[HTTP]&amp#27;[39m &amp#27;[90m{"id":"00000000-0000-0138-ffff-ffff0000002c"}&amp#27;[39m
[debug] &amp#27;[35m[W3C (fe69c2e8)]&amp#27;[39m Calling AppiumDriver.click() with args: ["00000000-0000-0138-ffff-ffff0000002c","fe69c2e8-5341-4ecd-b090-d9f6036f615e"]
[debug] &amp#27;[35m[WD Proxy]&amp#27;[39m Matched '/element/00000000-0000-0138-ffff-ffff0000002c/click' to command name 'click'
[debug] &amp#27;[35m[WD Proxy]&amp#27;[39m Proxying [POST /element/00000000-0000-0138-ffff-ffff0000002c/click] to [POST http://127.0.0.1:8200/wd/hub/session/ffc563b2-a1b7-478d-8b12-317bb3940fa7/element/00000000-0000-0138-ffff-ffff0000002c/click] with body: {"element":"00000000-0000-0138-ffff-ffff0000002c"}
[debug] &amp#27;[35m[WD Proxy]&amp#27;[39m Got response with status 200: {"sessionId":"ffc563b2-a1b7-478d-8b12-317bb3940fa7","value":null}
[debug] &amp#27;[35m[W3C (fe69c2e8)]&amp#27;[39m Responding to client with driver.click() result: null
&amp#27;[35m[HTTP]&amp#27;[39m &amp#27;[37m<-- POST /wd/hub/session/fe69c2e8-5341-4ecd-b090-d9f6036f615e/element/00000000-0000-0138-ffff-ffff0000002c/click &amp#27;[39m&amp#27;[32m200&amp#27;[39m &amp#27;[90m1089 ms - 14&amp#27;[39m
&amp#27;[35m[HTTP]&amp#27;[39m &amp#27;[90m&amp#27;[39m
&amp#27;[35m[HTTP]&amp#27;[39m &amp#27;[37m-->&amp#27;[39m &amp#27;[37mGET&amp#27;[39m &amp#27;[37m/wd/hub/session/fe69c2e8-5341-4ecd-b090-d9f6036f615e/context&amp#27;[39m
&amp#27;[35m[HTTP]&amp#27;[39m &amp#27;[90m{}&amp#27;[39m
[debug] &amp#27;[35m[W3C (fe69c2e8)]&amp#27;[39m Calling AppiumDriver.getCurrentContext() with args: ["fe69c2e8-5341-4ecd-b090-d9f6036f615e"]
[debug] &amp#27;[35m[W3C (fe69c2e8)]&amp#27;[39m Responding to client with driver.getCurrentContext() result: "NATIVE_APP"
&amp#27;[35m[HTTP]&amp#27;[39m &amp#27;[37m<-- GET /wd/hub/session/fe69c2e8-5341-4ecd-b090-d9f6036f615e/context &amp#27;[39m&amp#27;[32m200&amp#27;[39m &amp#27;[90m1 ms - 22&amp#27;[39m
&amp#27;[35m[HTTP]&amp#27;[39m &amp#27;[90m&amp#27;[39m
&amp#27;[35m[HTTP]&amp#27;[39m &amp#27;[37m-->&amp#27;[39m &amp#27;[37mPOST&amp#27;[39m &amp#27;[37m/wd/hub/session/fe69c2e8-5341-4ecd-b090-d9f6036f615e/element&amp#27;[39m
&amp#27;[35m[HTTP]&amp#27;[39m &amp#27;[90m{"using":"id","value":"com.androidsample.generalstore:id/btnLetsShop"}&amp#27;[39m
[debug] &amp#27;[35m[W3C (fe69c2e8)]&amp#27;[39m Calling AppiumDriver.findElement() with args: ["id","com.androidsample.generalstore:id/btnLetsShop","fe69c2e8-5341-4ecd-b090-d9f6036f615e"]
[debug] &amp#27;[35m[BaseDriver]&amp#27;[39m Valid locator strategies for this request: xpath, id, class name, accessibility id, css selector, -android uiautomator
[debug] &amp#27;[35m[BaseDriver]&amp#27;[39m Waiting up to 10000 ms for condition
[debug] &amp#27;[35m[WD Proxy]&amp#27;[39m Matched '/element' to command name 'findElement'
[debug] &amp#27;[35m[WD Proxy]&amp#27;[39m Proxying [POST /element] to [POST http://127.0.0.1:8200/wd/hub/session/ffc563b2-a1b7-478d-8b12-317bb3940fa7/element] with body: {"strategy":"id","selector":"com.androidsample.generalstore:id/btnLetsShop","context":"","multiple":false}
[debug] &amp#27;[35m[WD Proxy]&amp#27;[39m Got response with status 200: {"sessionId":"ffc563b2-a1b7-478d-8b12-317bb3940fa7","value":{"ELEMENT":"00000000-0000-0137-ffff-ffff00000022","element-6066-11e4-a52e-4f735466cecf":"00000000-0000-0137-ffff-ffff00000022"}}
[debug] &amp#27;[35m[W3C (fe69c2e8)]&amp#27;[39m Responding to client with driver.findElement() result: {"element-6066-11e4-a52e-4f735466cecf":"00000000-0000-0137-ffff-ffff00000022","ELEMENT":"00000000-0000-0137-ffff-ffff00000022"}
&amp#27;[35m[HTTP]&amp#27;[39m &amp#27;[37m<-- POST /wd/hub/session/fe69c2e8-5341-4ecd-b090-d9f6036f615e/element &amp#27;[39m&amp#27;[32m200&amp#27;[39m &amp#27;[90m29 ms - 137&amp#27;[39m
&amp#27;[35m[HTTP]&amp#27;[39m &amp#27;[90m&amp#27;[39m
&amp#27;[35m[HTTP]&amp#27;[39m &amp#27;[37m-->&amp#27;[39m &amp#27;[37mPOST&amp#27;[39m &amp#27;[37m/wd/hub/session/fe69c2e8-5341-4ecd-b090-d9f6036f615e/element/00000000-0000-0137-ffff-ffff00000022/click&amp#27;[39m
&amp#27;[35m[HTTP]&amp#27;[39m &amp#27;[90m{"id":"00000000-0000-0137-ffff-ffff00000022"}&amp#27;[39m
[debug] &amp#27;[35m[W3C (fe69c2e8)]&amp#27;[39m Calling AppiumDriver.click() with args: ["00000000-0000-0137-ffff-ffff00000022","fe69c2e8-5341-4ecd-b090-d9f6036f615e"]
[debug] &amp#27;[35m[WD Proxy]&amp#27;[39m Matched '/element/00000000-0000-0137-ffff-ffff00000022/click' to command name 'click'
[debug] &amp#27;[35m[WD Proxy]&amp#27;[39m Proxying [POST /element/00000000-0000-0137-ffff-ffff00000022/click] to [POST http://127.0.0.1:8200/wd/hub/session/ffc563b2-a1b7-478d-8b12-317bb3940fa7/element/00000000-0000-0137-ffff-ffff00000022/click] with body: {"element":"00000000-0000-0137-ffff-ffff00000022"}
[debug] &amp#27;[35m[WD Proxy]&amp#27;[39m Got response with status 200: {"sessionId":"ffc563b2-a1b7-478d-8b12-317bb3940fa7","value":null}
[debug] &amp#27;[35m[W3C (fe69c2e8)]&amp#27;[39m Responding to client with driver.click() result: null
&amp#27;[35m[HTTP]&amp#27;[39m &amp#27;[37m<-- POST /wd/hub/session/fe69c2e8-5341-4ecd-b090-d9f6036f615e/element/00000000-0000-0137-ffff-ffff00000022/click &amp#27;[39m&amp#27;[32m200&amp#27;[39m &amp#27;[90m67 ms - 14&amp#27;[39m
&amp#27;[35m[HTTP]&amp#27;[39m &amp#27;[90m&amp#27;[39m
&amp#27;[35m[HTTP]&amp#27;[39m &amp#27;[37m-->&amp#27;[39m &amp#27;[37mGET&amp#27;[39m &amp#27;[37m/wd/hub/session/fe69c2e8-5341-4ecd-b090-d9f6036f615e/context&amp#27;[39m
&amp#27;[35m[HTTP]&amp#27;[39m &amp#27;[90m{}&amp#27;[39m
[debug] &amp#27;[35m[W3C (fe69c2e8)]&amp#27;[39m Calling AppiumDriver.getCurrentContext() with args: ["fe69c2e8-5341-4ecd-b090-d9f6036f615e"]
[debug] &amp#27;[35m[W3C (fe69c2e8)]&amp#27;[39m Responding to client with driver.getCurrentContext() result: "NATIVE_APP"
&amp#27;[35m[HTTP]&amp#27;[39m &amp#27;[37m<-- GET /wd/hub/session/fe69c2e8-5341-4ecd-b090-d9f6036f615e/context &amp#27;[39m&amp#27;[32m200&amp#27;[39m &amp#27;[90m2 ms - 22&amp#27;[39m
&amp#27;[35m[HTTP]&amp#27;[39m &amp#27;[90m&amp#27;[39m
&amp#27;[35m[HTTP]&amp#27;[39m &amp#27;[37m-->&amp#27;[39m &amp#27;[37mPOST&amp#27;[39m &amp#27;[37m/wd/hub/session/fe69c2e8-5341-4ecd-b090-d9f6036f615e/elements&amp#27;[39m
&amp#27;[35m[HTTP]&amp#27;[39m &amp#27;[90m{"using":"id","value":"com.androidsample.generalstore:id/productAddCart"}&amp#27;[39m
[debug] &amp#27;[35m[W3C (fe69c2e8)]&amp#27;[39m Calling AppiumDriver.findElements() with args: ["id","com.androidsample.generalstore:id/productAddCart","fe69c2e8-5341-4ecd-b090-d9f6036f615e"]
[debug] &amp#27;[35m[BaseDriver]&amp#27;[39m Valid locator strategies for this request: xpath, id, class name, accessibility id, css selector, -android uiautomator
[debug] &amp#27;[35m[BaseDriver]&amp#27;[39m Waiting up to 10000 ms for condition
[debug] &amp#27;[35m[WD Proxy]&amp#27;[39m Matched '/elements' to command name 'findElements'
[debug] &amp#27;[35m[WD Proxy]&amp#27;[39m Proxying [POST /elements] to [POST http://127.0.0.1:8200/wd/hub/session/ffc563b2-a1b7-478d-8b12-317bb3940fa7/elements] with body: {"strategy":"id","selector":"com.androidsample.generalstore:id/productAddCart","context":"","multiple":true}
[debug] &amp#27;[35m[WD Proxy]&amp#27;[39m Got response with status 200: {"sessionId":"ffc563b2-a1b7-478d-8b12-317bb3940fa7","value":[]}
[debug] &amp#27;[35m[BaseDriver]&amp#27;[39m Waited for 162 ms so far
[debug] &amp#27;[35m[WD Proxy]&amp#27;[39m Matched '/elements' to command name 'findElements'
[debug] &amp#27;[35m[WD Proxy]&amp#27;[39m Proxying [POST /elements] to [POST http://127.0.0.1:8200/wd/hub/session/ffc563b2-a1b7-478d-8b12-317bb3940fa7/elements] with body: {"strategy":"id","selector":"com.androidsample.generalstore:id/productAddCart","context":"","multiple":true}
[debug] &amp#27;[35m[WD Proxy]&amp#27;[39m Got response with status 200: {"sessionId":"ffc563b2-a1b7-478d-8b12-317bb3940fa7","value":[{"ELEMENT":"00000000-0000-0139-ffff-ffff00000052","element-6066-11e4-a52e-4f735466cecf":"00000000-0000-0139-ffff-ffff00000052"},{"ELEMENT":"00000000-0000-0139-ffff-ffff0000005a","element-6066-11e4-a52e-4f735466cecf":"00000000-0000-0139-ffff-ffff0000005a"}]}
[debug] &amp#27;[35m[W3C (fe69c2e8)]&amp#27;[39m Responding to client with driver.findElements() result: [{"element-6066-11e4-a52e-4f735466cecf":"00000000-0000-0139-ffff-ffff00000052","ELEMENT":"00000000-0000-0139-ffff-ffff00000052"},{"element-6066-11e4-a52e-4f735466cecf":"00000000-0000-0139-ffff-ffff0000005a","ELEMENT":"00000000-0000-0139-ffff-ffff0000005a"}]
&amp#27;[35m[HTTP]&amp#27;[39m &amp#27;[37m<-- POST /wd/hub/session/fe69c2e8-5341-4ecd-b090-d9f6036f615e/elements &amp#27;[39m&amp#27;[32m200&amp#27;[39m &amp#27;[90m1065 ms - 267&amp#27;[39m
&amp#27;[35m[HTTP]&amp#27;[39m &amp#27;[90m&amp#27;[39m
&amp#27;[35m[HTTP]&amp#27;[39m &amp#27;[37m-->&amp#27;[39m &amp#27;[37mPOST&amp#27;[39m &amp#27;[37m/wd/hub/session/fe69c2e8-5341-4ecd-b090-d9f6036f615e/element/00000000-0000-0139-ffff-ffff00000052/click&amp#27;[39m
&amp#27;[35m[HTTP]&amp#27;[39m &amp#27;[90m{"id":"00000000-0000-0139-ffff-ffff00000052"}&amp#27;[39m
[debug] &amp#27;[35m[W3C (fe69c2e8)]&amp#27;[39m Calling AppiumDriver.click() with args: ["00000000-0000-0139-ffff-ffff00000052","fe69c2e8-5341-4ecd-b090-d9f6036f615e"]
[debug] &amp#27;[35m[WD Proxy]&amp#27;[39m Matched '/element/00000000-0000-0139-ffff-ffff00000052/click' to command name 'click'
[debug] &amp#27;[35m[WD Proxy]&amp#27;[39m Proxying [POST /element/00000000-0000-0139-ffff-ffff00000052/click] to [POST http://127.0.0.1:8200/wd/hub/session/ffc563b2-a1b7-478d-8b12-317bb3940fa7/element/00000000-0000-0139-ffff-ffff00000052/click] with body: {"element":"00000000-0000-0139-ffff-ffff00000052"}
[debug] &amp#27;[35m[WD Proxy]&amp#27;[39m Got response with status 200: {"sessionId":"ffc563b2-a1b7-478d-8b12-317bb3940fa7","value":null}
[debug] &amp#27;[35m[W3C (fe69c2e8)]&amp#27;[39m Responding to client with driver.click() result: null
&amp#27;[35m[HTTP]&amp#27;[39m &amp#27;[37m<-- POST /wd/hub/session/fe69c2e8-5341-4ecd-b090-d9f6036f615e/element/00000000-0000-0139-ffff-ffff00000052/click &amp#27;[39m&amp#27;[32m200&amp#27;[39m &amp#27;[90m550 ms - 14&amp#27;[39m
&amp#27;[35m[HTTP]&amp#27;[39m &amp#27;[90m&amp#27;[39m
&amp#27;[35m[HTTP]&amp#27;[39m &amp#27;[37m-->&amp#27;[39m &amp#27;[37mGET&amp#27;[39m &amp#27;[37m/wd/hub/session/fe69c2e8-5341-4ecd-b090-d9f6036f615e/context&amp#27;[39m
&amp#27;[35m[HTTP]&amp#27;[39m &amp#27;[90m{}&amp#27;[39m
[debug] &amp#27;[35m[W3C (fe69c2e8)]&amp#27;[39m Calling AppiumDriver.getCurrentContext() with args: ["fe69c2e8-5341-4ecd-b090-d9f6036f615e"]
[debug] &amp#27;[35m[W3C (fe69c2e8)]&amp#27;[39m Responding to client with driver.getCurrentContext() result: "NATIVE_APP"
&amp#27;[35m[HTTP]&amp#27;[39m &amp#27;[37m<-- GET /wd/hub/session/fe69c2e8-5341-4ecd-b090-d9f6036f615e/context &amp#27;[39m&amp#27;[32m200&amp#27;[39m &amp#27;[90m1 ms - 22&amp#27;[39m
&amp#27;[35m[HTTP]&amp#27;[39m &amp#27;[90m&amp#27;[39m
&amp#27;[35m[HTTP]&amp#27;[39m &amp#27;[37m-->&amp#27;[39m &amp#27;[37mPOST&amp#27;[39m &amp#27;[37m/wd/hub/session/fe69c2e8-5341-4ecd-b090-d9f6036f615e/elements&amp#27;[39m
&amp#27;[35m[HTTP]&amp#27;[39m &amp#27;[90m{"using":"id","value":"com.androidsample.generalstore:id/productAddCart"}&amp#27;[39m
[debug] &amp#27;[35m[W3C (fe69c2e8)]&amp#27;[39m Calling AppiumDriver.findElements() with args: ["id","com.androidsample.generalstore:id/productAddCart","fe69c2e8-5341-4ecd-b090-d9f6036f615e"]
[debug] &amp#27;[35m[BaseDriver]&amp#27;[39m Valid locator strategies for this request: xpath, id, class name, accessibility id, css selector, -android uiautomator
[debug] &amp#27;[35m[BaseDriver]&amp#27;[39m Waiting up to 10000 ms for condition
[debug] &amp#27;[35m[WD Proxy]&amp#27;[39m Matched '/elements' to command name 'findElements'
[debug] &amp#27;[35m[WD Proxy]&amp#27;[39m Proxying [POST /elements] to [POST http://127.0.0.1:8200/wd/hub/session/ffc563b2-a1b7-478d-8b12-317bb3940fa7/elements] with body: {"strategy":"id","selector":"com.androidsample.generalstore:id/productAddCart","context":"","multiple":true}
[debug] &amp#27;[35m[WD Proxy]&amp#27;[39m Got response with status 200: {"sessionId":"ffc563b2-a1b7-478d-8b12-317bb3940fa7","value":[{"ELEMENT":"00000000-0000-0139-ffff-ffff00000052","element-6066-11e4-a52e-4f735466cecf":"00000000-0000-0139-ffff-ffff00000052"},{"ELEMENT":"00000000-0000-0139-ffff-ffff0000005a","element-6066-11e4-a52e-4f735466cecf":"00000000-0000-0139-ffff-ffff0000005a"}]}
[debug] &amp#27;[35m[W3C (fe69c2e8)]&amp#27;[39m Responding to client with driver.findElements() result: [{"element-6066-11e4-a52e-4f735466cecf":"00000000-0000-0139-ffff-ffff00000052","ELEMENT":"00000000-0000-0139-ffff-ffff00000052"},{"element-6066-11e4-a52e-4f735466cecf":"00000000-0000-0139-ffff-ffff0000005a","ELEMENT":"00000000-0000-0139-ffff-ffff0000005a"}]
&amp#27;[35m[HTTP]&amp#27;[39m &amp#27;[37m<-- POST /wd/hub/session/fe69c2e8-5341-4ecd-b090-d9f6036f615e/elements &amp#27;[39m&amp#27;[32m200&amp#27;[39m &amp#27;[90m28 ms - 267&amp#27;[39m
&amp#27;[35m[HTTP]&amp#27;[39m &amp#27;[90m&amp#27;[39m
&amp#27;[35m[HTTP]&amp#27;[39m &amp#27;[37m-->&amp#27;[39m &amp#27;[37mPOST&amp#27;[39m &amp#27;[37m/wd/hub/session/fe69c2e8-5341-4ecd-b090-d9f6036f615e/element/00000000-0000-0139-ffff-ffff0000005a/click&amp#27;[39m
&amp#27;[35m[HTTP]&amp#27;[39m &amp#27;[90m{"id":"00000000-0000-0139-ffff-ffff0000005a"}&amp#27;[39m
[debug] &amp#27;[35m[W3C (fe69c2e8)]&amp#27;[39m Calling AppiumDriver.click() with args: ["00000000-0000-0139-ffff-ffff0000005a","fe69c2e8-5341-4ecd-b090-d9f6036f615e"]
[debug] &amp#27;[35m[WD Proxy]&amp#27;[39m Matched '/element/00000000-0000-0139-ffff-ffff0000005a/click' to command name 'click'
[debug] &amp#27;[35m[WD Proxy]&amp#27;[39m Proxying [POST /element/00000000-0000-0139-ffff-ffff0000005a/click] to [POST http://127.0.0.1:8200/wd/hub/session/ffc563b2-a1b7-478d-8b12-317bb3940fa7/element/00000000-0000-0139-ffff-ffff0000005a/click] with body: {"element":"00000000-0000-0139-ffff-ffff0000005a"}
[debug] &amp#27;[35m[WD Proxy]&amp#27;[39m Got response with status 200: {"sessionId":"ffc563b2-a1b7-478d-8b12-317bb3940fa7","value":null}
[debug] &amp#27;[35m[W3C (fe69c2e8)]&amp#27;[39m Responding to client with driver.click() result: null
&amp#27;[35m[HTTP]&amp#27;[39m &amp#27;[37m<-- POST /wd/hub/session/fe69c2e8-5341-4ecd-b090-d9f6036f615e/element/00000000-0000-0139-ffff-ffff0000005a/click &amp#27;[39m&amp#27;[32m200&amp#27;[39m &amp#27;[90m47 ms - 14&amp#27;[39m
&amp#27;[35m[HTTP]&amp#27;[39m &amp#27;[90m&amp#27;[39m
&amp#27;[35m[HTTP]&amp#27;[39m &amp#27;[37m-->&amp#27;[39m &amp#27;[37mGET&amp#27;[39m &amp#27;[37m/wd/hub/session/fe69c2e8-5341-4ecd-b090-d9f6036f615e/context&amp#27;[39m
&amp#27;[35m[HTTP]&amp#27;[39m &amp#27;[90m{}&amp#27;[39m
[debug] &amp#27;[35m[W3C (fe69c2e8)]&amp#27;[39m Calling AppiumDriver.getCurrentContext() with args: ["fe69c2e8-5341-4ecd-b090-d9f6036f615e"]
[debug] &amp#27;[35m[W3C (fe69c2e8)]&amp#27;[39m Responding to client with driver.getCurrentContext() result: "NATIVE_APP"
&amp#27;[35m[HTTP]&amp#27;[39m &amp#27;[37m<-- GET /wd/hub/session/fe69c2e8-5341-4ecd-b090-d9f6036f615e/context &amp#27;[39m&amp#27;[32m200&amp#27;[39m &amp#27;[90m1 ms - 22&amp#27;[39m
&amp#27;[35m[HTTP]&amp#27;[39m &amp#27;[90m&amp#27;[39m
&amp#27;[35m[HTTP]&amp#27;[39m &amp#27;[37m-->&amp#27;[39m &amp#27;[37mPOST&amp#27;[39m &amp#27;[37m/wd/hub/session/fe69c2e8-5341-4ecd-b090-d9f6036f615e/element&amp#27;[39m
&amp#27;[35m[HTTP]&amp#27;[39m &amp#27;[90m{"using":"id","value":"com.androidsample.generalstore:id/appbar_btn_cart"}&amp#27;[39m
[debug] &amp#27;[35m[W3C (fe69c2e8)]&amp#27;[39m Calling AppiumDriver.findElement() with args: ["id","com.androidsample.generalstore:id/appbar_btn_cart","fe69c2e8-5341-4ecd-b090-d9f6036f615e"]
[debug] &amp#27;[35m[BaseDriver]&amp#27;[39m Valid locator strategies for this request: xpath, id, class name, accessibility id, css selector, -android uiautomator
[debug] &amp#27;[35m[BaseDriver]&amp#27;[39m Waiting up to 10000 ms for condition
[debug] &amp#27;[35m[WD Proxy]&amp#27;[39m Matched '/element' to command name 'findElement'
[debug] &amp#27;[35m[WD Proxy]&amp#27;[39m Proxying [POST /element] to [POST http://127.0.0.1:8200/wd/hub/session/ffc563b2-a1b7-478d-8b12-317bb3940fa7/element] with body: {"strategy":"id","selector":"com.androidsample.generalstore:id/appbar_btn_cart","context":"","multiple":false}
[debug] &amp#27;[35m[WD Proxy]&amp#27;[39m Got response with status 200: {"sessionId":"ffc563b2-a1b7-478d-8b12-317bb3940fa7","value":{"ELEMENT":"00000000-0000-0139-ffff-ffff00000045","element-6066-11e4-a52e-4f735466cecf":"00000000-0000-0139-ffff-ffff00000045"}}
[debug] &amp#27;[35m[W3C (fe69c2e8)]&amp#27;[39m Responding to client with driver.findElement() result: {"element-6066-11e4-a52e-4f735466cecf":"00000000-0000-0139-ffff-ffff00000045","ELEMENT":"00000000-0000-0139-ffff-ffff00000045"}
&amp#27;[35m[HTTP]&amp#27;[39m &amp#27;[37m<-- POST /wd/hub/session/fe69c2e8-5341-4ecd-b090-d9f6036f615e/element &amp#27;[39m&amp#27;[32m200&amp#27;[39m &amp#27;[90m496 ms - 137&amp#27;[39m
&amp#27;[35m[HTTP]&amp#27;[39m &amp#27;[90m&amp#27;[39m
&amp#27;[35m[HTTP]&amp#27;[39m &amp#27;[37m-->&amp#27;[39m &amp#27;[37mPOST&amp#27;[39m &amp#27;[37m/wd/hub/session/fe69c2e8-5341-4ecd-b090-d9f6036f615e/element/00000000-0000-0139-ffff-ffff00000045/click&amp#27;[39m
&amp#27;[35m[HTTP]&amp#27;[39m &amp#27;[90m{"id":"00000000-0000-0139-ffff-ffff00000045"}&amp#27;[39m
[debug] &amp#27;[35m[W3C (fe69c2e8)]&amp#27;[39m Calling AppiumDriver.click() with args: ["00000000-0000-0139-ffff-ffff00000045","fe69c2e8-5341-4ecd-b090-d9f6036f615e"]
[debug] &amp#27;[35m[WD Proxy]&amp#27;[39m Matched '/element/00000000-0000-0139-ffff-ffff00000045/click' to command name 'click'
[debug] &amp#27;[35m[WD Proxy]&amp#27;[39m Proxying [POST /element/00000000-0000-0139-ffff-ffff00000045/click] to [POST http://127.0.0.1:8200/wd/hub/session/ffc563b2-a1b7-478d-8b12-317bb3940fa7/element/00000000-0000-0139-ffff-ffff00000045/click] with body: {"element":"00000000-0000-0139-ffff-ffff00000045"}
[debug] &amp#27;[35m[WD Proxy]&amp#27;[39m Got response with status 200: {"sessionId":"ffc563b2-a1b7-478d-8b12-317bb3940fa7","value":null}
[debug] &amp#27;[35m[W3C (fe69c2e8)]&amp#27;[39m Responding to client with driver.click() result: null
&amp#27;[35m[HTTP]&amp#27;[39m &amp#27;[37m<-- POST /wd/hub/session/fe69c2e8-5341-4ecd-b090-d9f6036f615e/element/00000000-0000-0139-ffff-ffff00000045/click &amp#27;[39m&amp#27;[32m200&amp#27;[39m &amp#27;[90m59 ms - 14&amp#27;[39m
&amp#27;[35m[HTTP]&amp#27;[39m &amp#27;[90m&amp#27;[39m
&amp#27;[35m[HTTP]&amp#27;[39m &amp#27;[37m-->&amp#27;[39m &amp#27;[37mGET&amp#27;[39m &amp#27;[37m/wd/hub/session/fe69c2e8-5341-4ecd-b090-d9f6036f615e/context&amp#27;[39m
&amp#27;[35m[HTTP]&amp#27;[39m &amp#27;[90m{}&amp#27;[39m
[debug] &amp#27;[35m[W3C (fe69c2e8)]&amp#27;[39m Calling AppiumDriver.getCurrentContext() with args: ["fe69c2e8-5341-4ecd-b090-d9f6036f615e"]
[debug] &amp#27;[35m[W3C (fe69c2e8)]&amp#27;[39m Responding to client with driver.getCurrentContext() result: "NATIVE_APP"
&amp#27;[35m[HTTP]&amp#27;[39m &amp#27;[37m<-- GET /wd/hub/session/fe69c2e8-5341-4ecd-b090-d9f6036f615e/context &amp#27;[39m&amp#27;[32m200&amp#27;[39m &amp#27;[90m1 ms - 22&amp#27;[39m
&amp#27;[35m[HTTP]&amp#27;[39m &amp#27;[90m&amp#27;[39m
&amp#27;[35m[HTTP]&amp#27;[39m &amp#27;[37m-->&amp#27;[39m &amp#27;[37mPOST&amp#27;[39m &amp#27;[37m/wd/hub/session/fe69c2e8-5341-4ecd-b090-d9f6036f615e/elements&amp#27;[39m
&amp#27;[35m[HTTP]&amp#27;[39m &amp#27;[90m{"using":"id","value":"com.androidsample.generalstore:id/productPrice"}&amp#27;[39m
[debug] &amp#27;[35m[W3C (fe69c2e8)]&amp#27;[39m Calling AppiumDriver.findElements() with args: ["id","com.androidsample.generalstore:id/productPrice","fe69c2e8-5341-4ecd-b090-d9f6036f615e"]
[debug] &amp#27;[35m[BaseDriver]&amp#27;[39m Valid locator strategies for this request: xpath, id, class name, accessibility id, css selector, -android uiautomator
[debug] &amp#27;[35m[BaseDriver]&amp#27;[39m Waiting up to 10000 ms for condition
[debug] &amp#27;[35m[WD Proxy]&amp#27;[39m Matched '/elements' to command name 'findElements'
[debug] &amp#27;[35m[WD Proxy]&amp#27;[39m Proxying [POST /elements] to [POST http://127.0.0.1:8200/wd/hub/session/ffc563b2-a1b7-478d-8b12-317bb3940fa7/elements] with body: {"strategy":"id","selector":"com.androidsample.generalstore:id/productPrice","context":"","multiple":true}
[debug] &amp#27;[35m[WD Proxy]&amp#27;[39m Got response with status 200: {"sessionId":"ffc563b2-a1b7-478d-8b12-317bb3940fa7","value":[{"ELEMENT":"00000000-0000-013a-ffff-ffff00000087","element-6066-11e4-a52e-4f735466cecf":"00000000-0000-013a-ffff-ffff00000087"},{"ELEMENT":"00000000-0000-013a-ffff-ffff0000008f","element-6066-11e4-a52e-4f735466cecf":"00000000-0000-013a-ffff-ffff0000008f"}]}
[debug] &amp#27;[35m[W3C (fe69c2e8)]&amp#27;[39m Responding to client with driver.findElements() result: [{"element-6066-11e4-a52e-4f735466cecf":"00000000-0000-013a-ffff-ffff00000087","ELEMENT":"00000000-0000-013a-ffff-ffff00000087"},{"element-6066-11e4-a52e-4f735466cecf":"00000000-0000-013a-ffff-ffff0000008f","ELEMENT":"00000000-0000-013a-ffff-ffff0000008f"}]
&amp#27;[35m[HTTP]&amp#27;[39m &amp#27;[37m<-- POST /wd/hub/session/fe69c2e8-5341-4ecd-b090-d9f6036f615e/elements &amp#27;[39m&amp#27;[32m200&amp#27;[39m &amp#27;[90m29 ms - 267&amp#27;[39m
&amp#27;[35m[HTTP]&amp#27;[39m &amp#27;[90m&amp#27;[39m
&amp#27;[35m[HTTP]&amp#27;[39m &amp#27;[37m-->&amp#27;[39m &amp#27;[37mGET&amp#27;[39m &amp#27;[37m/wd/hub/session/fe69c2e8-5341-4ecd-b090-d9f6036f615e/context&amp#27;[39m
&amp#27;[35m[HTTP]&amp#27;[39m &amp#27;[90m{}&amp#27;[39m
[debug] &amp#27;[35m[W3C (fe69c2e8)]&amp#27;[39m Calling AppiumDriver.getCurrentContext() with args: ["fe69c2e8-5341-4ecd-b090-d9f6036f615e"]
[debug] &amp#27;[35m[W3C (fe69c2e8)]&amp#27;[39m Responding to client with driver.getCurrentContext() result: "NATIVE_APP"
&amp#27;[35m[HTTP]&amp#27;[39m &amp#27;[37m<-- GET /wd/hub/session/fe69c2e8-5341-4ecd-b090-d9f6036f615e/context &amp#27;[39m&amp#27;[32m200&amp#27;[39m &amp#27;[90m1 ms - 22&amp#27;[39m
&amp#27;[35m[HTTP]&amp#27;[39m &amp#27;[90m&amp#27;[39m
&amp#27;[35m[HTTP]&amp#27;[39m &amp#27;[37m-->&amp#27;[39m &amp#27;[37mPOST&amp#27;[39m &amp#27;[37m/wd/hub/session/fe69c2e8-5341-4ecd-b090-d9f6036f615e/elements&amp#27;[39m
&amp#27;[35m[HTTP]&amp#27;[39m &amp#27;[90m{"using":"id","value":"com.androidsample.generalstore:id/productPrice"}&amp#27;[39m
[debug] &amp#27;[35m[W3C (fe69c2e8)]&amp#27;[39m Calling AppiumDriver.findElements() with args: ["id","com.androidsample.generalstore:id/productPrice","fe69c2e8-5341-4ecd-b090-d9f6036f615e"]
[debug] &amp#27;[35m[BaseDriver]&amp#27;[39m Valid locator strategies for this request: xpath, id, class name, accessibility id, css selector, -android uiautomator
[debug] &amp#27;[35m[BaseDriver]&amp#27;[39m Waiting up to 10000 ms for condition
[debug] &amp#27;[35m[WD Proxy]&amp#27;[39m Matched '/elements' to command name 'findElements'
[debug] &amp#27;[35m[WD Proxy]&amp#27;[39m Proxying [POST /elements] to [POST http://127.0.0.1:8200/wd/hub/session/ffc563b2-a1b7-478d-8b12-317bb3940fa7/elements] with body: {"strategy":"id","selector":"com.androidsample.generalstore:id/productPrice","context":"","multiple":true}
[debug] &amp#27;[35m[WD Proxy]&amp#27;[39m Got response with status 200: {"sessionId":"ffc563b2-a1b7-478d-8b12-317bb3940fa7","value":[{"ELEMENT":"00000000-0000-013a-ffff-ffff00000087","element-6066-11e4-a52e-4f735466cecf":"00000000-0000-013a-ffff-ffff00000087"},{"ELEMENT":"00000000-0000-013a-ffff-ffff0000008f","element-6066-11e4-a52e-4f735466cecf":"00000000-0000-013a-ffff-ffff0000008f"}]}
[debug] &amp#27;[35m[W3C (fe69c2e8)]&amp#27;[39m Responding to client with driver.findElements() result: [{"element-6066-11e4-a52e-4f735466cecf":"00000000-0000-013a-ffff-ffff00000087","ELEMENT":"00000000-0000-013a-ffff-ffff00000087"},{"element-6066-11e4-a52e-4f735466cecf":"00000000-0000-013a-ffff-ffff0000008f","ELEMENT":"00000000-0000-013a-ffff-ffff0000008f"}]
[...]
[debug] &amp#27;[35m[WD Proxy]&amp#27;[39m Proxying [POST /element] to [POST http://127.0.0.1:8202/wd/hub/session/a7a03a40-745b-4b9e-8160-42593bb2cec7/element] with body: {"strategy":"xpath","selector":"//android.widget.TextView[@text='3. Preference dependencies']","context":"","multiple":false}
[debug] &amp#27;[35m[WD Proxy]&amp#27;[39m Got response with status 200: {"sessionId":"a7a03a40-745b-4b9e-8160-42593bb2cec7","value":{"ELEMENT":"00000000-0000-0156-ffff-ffff00000021","element-6066-11e4-a52e-4f735466cecf":"00000000-0000-0156-ffff-ffff00000021"}}
[debug] &amp#27;[35m[W3C (183527a4)]&amp#27;[39m Responding to client with driver.findElement() result: {"element-6066-11e4-a52e-4f735466cecf":"00000000-0000-0156-ffff-ffff00000021","ELEMENT":"00000000-0000-0156-ffff-ffff00000021"}
&amp#27;[35m[HTTP]&amp#27;[39m &amp#27;[37m<-- POST /wd/hub/session/183527a4-36d0-45ae-9cd8-7695202bfaa6/element &amp#27;[39m&amp#27;[32m200&amp#27;[39m &amp#27;[90m205 ms - 137&amp#27;[39m
&amp#27;[35m[HTTP]&amp#27;[39m &amp#27;[90m&amp#27;[39m
&amp#27;[35m[HTTP]&amp#27;[39m &amp#27;[37m-->&amp#27;[39m &amp#27;[37mPOST&amp#27;[39m &amp#27;[37m/wd/hub/session/183527a4-36d0-45ae-9cd8-7695202bfaa6/element/00000000-0000-0156-ffff-ffff00000021/click&amp#27;[39m
&amp#27;[35m[HTTP]&amp#27;[39m &amp#27;[90m{"id":"00000000-0000-0156-ffff-ffff00000021"}&amp#27;[39m
[debug] &amp#27;[35m[W3C (183527a4)]&amp#27;[39m Calling AppiumDriver.click() with args: ["00000000-0000-0156-ffff-ffff00000021","183527a4-36d0-45ae-9cd8-7695202bfaa6"]
[debug] &amp#27;[35m[WD Proxy]&amp#27;[39m Matched '/element/00000000-0000-0156-ffff-ffff00000021/click' to command name 'click'
[debug] &amp#27;[35m[WD Proxy]&amp#27;[39m Proxying [POST /element/00000000-0000-0156-ffff-ffff00000021/click] to [POST http://127.0.0.1:8202/wd/hub/session/a7a03a40-745b-4b9e-8160-42593bb2cec7/element/00000000-0000-0156-ffff-ffff00000021/click] with body: {"element":"00000000-0000-0156-ffff-ffff00000021"}
[debug] &amp#27;[35m[WD Proxy]&amp#27;[39m Got response with status 200: {"sessionId":"a7a03a40-745b-4b9e-8160-42593bb2cec7","value":null}
[debug] &amp#27;[35m[W3C (183527a4)]&amp#27;[39m Responding to client with driver.click() result: null
&amp#27;[35m[HTTP]&amp#27;[39m &amp#27;[37m<-- POST /wd/hub/session/183527a4-36d0-45ae-9cd8-7695202bfaa6/element/00000000-0000-0156-ffff-ffff00000021/click &amp#27;[39m&amp#27;[32m200&amp#27;[39m &amp#27;[90m1473 ms - 14&amp#27;[39m
&amp#27;[35m[HTTP]&amp#27;[39m &amp#27;[90m&amp#27;[39m
&amp#27;[35m[HTTP]&amp#27;[39m &amp#27;[37m-->&amp#27;[39m &amp#27;[37mGET&amp#27;[39m &amp#27;[37m/wd/hub/session/183527a4-36d0-45ae-9cd8-7695202bfaa6/context&amp#27;[39m
&amp#27;[35m[HTTP]&amp#27;[39m &amp#27;[90m{}&amp#27;[39m
[debug] &amp#27;[35m[W3C (183527a4)]&amp#27;[39m Calling AppiumDriver.getCurrentContext() with args: ["183527a4-36d0-45ae-9cd8-7695202bfaa6"]
[debug] &amp#27;[35m[W3C (183527a4)]&amp#27;[39m Responding to client with driver.getCurrentContext() result: "NATIVE_APP"
&amp#27;[35m[HTTP]&amp#27;[39m &amp#27;[37m<-- GET /wd/hub/session/183527a4-36d0-45ae-9cd8-7695202bfaa6/context &amp#27;[39m&amp#27;[32m200&amp#27;[39m &amp#27;[90m1 ms - 22&amp#27;[39m
&amp#27;[35m[HTTP]&amp#27;[39m &amp#27;[90m&amp#27;[39m
&amp#27;[35m[HTTP]&amp#27;[39m &amp#27;[37m-->&amp#27;[39m &amp#27;[37mPOST&amp#27;[39m &amp#27;[37m/wd/hub/session/183527a4-36d0-45ae-9cd8-7695202bfaa6/element&amp#27;[39m
&amp#27;[35m[HTTP]&amp#27;[39m &amp#27;[90m{"using":"id","value":"android:id/checkbox"}&amp#27;[39m
[debug] &amp#27;[35m[W3C (183527a4)]&amp#27;[39m Calling AppiumDriver.findElement() with args: ["id","android:id/checkbox","183527a4-36d0-45ae-9cd8-7695202bfaa6"]
[debug] &amp#27;[35m[BaseDriver]&amp#27;[39m Valid locator strategies for this request: xpath, id, class name, accessibility id, css selector, -android uiautomator
[debug] &amp#27;[35m[BaseDriver]&amp#27;[39m Waiting up to 10000 ms for condition
[debug] &amp#27;[35m[WD Proxy]&amp#27;[39m Matched '/element' to command name 'findElement'
[debug] &amp#27;[35m[WD Proxy]&amp#27;[39m Proxying [POST /element] to [POST http://127.0.0.1:8202/wd/hub/session/a7a03a40-745b-4b9e-8160-42593bb2cec7/element] with body: {"strategy":"id","selector":"android:id/checkbox","context":"","multiple":false}
[debug] &amp#27;[35m[WD Proxy]&amp#27;[39m Got response with status 200: {"sessionId":"a7a03a40-745b-4b9e-8160-42593bb2cec7","value":{"ELEMENT":"00000000-0000-0157-ffff-ffff00000044","element-6066-11e4-a52e-4f735466cecf":"00000000-0000-0157-ffff-ffff00000044"}}
[debug] &amp#27;[35m[W3C (183527a4)]&amp#27;[39m Responding to client with driver.findElement() result: {"element-6066-11e4-a52e-4f735466cecf":"00000000-0000-0157-ffff-ffff00000044","ELEMENT":"00000000-0000-0157-ffff-ffff00000044"}
&amp#27;[35m[HTTP]&amp#27;[39m &amp#27;[37m<-- POST /wd/hub/session/183527a4-36d0-45ae-9cd8-7695202bfaa6/element &amp#27;[39m&amp#27;[32m200&amp#27;[39m &amp#27;[90m29 ms - 137&amp#27;[39m
&amp#27;[35m[HTTP]&amp#27;[39m &amp#27;[90m&amp#27;[39m
&amp#27;[35m[HTTP]&amp#27;[39m &amp#27;[37m-->&amp#27;[39m &amp#27;[37mPOST&amp#27;[39m &amp#27;[37m/wd/hub/session/183527a4-36d0-45ae-9cd8-7695202bfaa6/element/00000000-0000-0157-ffff-ffff00000044/click&amp#27;[39m
&amp#27;[35m[HTTP]&amp#27;[39m &amp#27;[90m{"id":"00000000-0000-0157-ffff-ffff00000044"}&amp#27;[39m
[debug] &amp#27;[35m[W3C (183527a4)]&amp#27;[39m Calling AppiumDriver.click() with args: ["00000000-0000-0157-ffff-ffff00000044","183527a4-36d0-45ae-9cd8-7695202bfaa6"]
[debug] &amp#27;[35m[WD Proxy]&amp#27;[39m Matched '/element/00000000-0000-0157-ffff-ffff00000044/click' to command name 'click'
[debug] &amp#27;[35m[WD Proxy]&amp#27;[39m Proxying [POST /element/00000000-0000-0157-ffff-ffff00000044/click] to [POST http://127.0.0.1:8202/wd/hub/session/a7a03a40-745b-4b9e-8160-42593bb2cec7/element/00000000-0000-0157-ffff-ffff00000044/click] with body: {"element":"00000000-0000-0157-ffff-ffff00000044"}
[debug] &amp#27;[35m[WD Proxy]&amp#27;[39m Got response with status 200: {"sessionId":"a7a03a40-745b-4b9e-8160-42593bb2cec7","value":null}
[debug] &amp#27;[35m[W3C (183527a4)]&amp#27;[39m Responding to client with driver.click() result: null
&amp#27;[35m[HTTP]&amp#27;[39m &amp#27;[37m<-- POST /wd/hub/session/183527a4-36d0-45ae-9cd8-7695202bfaa6/element/00000000-0000-0157-ffff-ffff00000044/click &amp#27;[39m&amp#27;[32m200&amp#27;[39m &amp#27;[90m648 ms - 14&amp#27;[39m
&amp#27;[35m[HTTP]&amp#27;[39m &amp#27;[90m&amp#27;[39m
&amp#27;[35m[HTTP]&amp#27;[39m &amp#27;[37m-->&amp#27;[39m &amp#27;[37mGET&amp#27;[39m &amp#27;[37m/wd/hub/session/183527a4-36d0-45ae-9cd8-7695202bfaa6/context&amp#27;[39m
&amp#27;[35m[HTTP]&amp#27;[39m &amp#27;[90m{}&amp#27;[39m
[debug] &amp#27;[35m[W3C (183527a4)]&amp#27;[39m Calling AppiumDriver.getCurrentContext() with args: ["183527a4-36d0-45ae-9cd8-7695202bfaa6"]
[debug] &amp#27;[35m[W3C (183527a4)]&amp#27;[39m Responding to client with driver.getCurrentContext() result: "NATIVE_APP"
&amp#27;[35m[HTTP]&amp#27;[39m &amp#27;[37m<-- GET /wd/hub/session/183527a4-36d0-45ae-9cd8-7695202bfaa6/context &amp#27;[39m&amp#27;[32m200&amp#27;[39m &amp#27;[90m2 ms - 22&amp#27;[39m
&amp#27;[35m[HTTP]&amp#27;[39m &amp#27;[90m&amp#27;[39m
&amp#27;[35m[HTTP]&amp#27;[39m &amp#27;[37m-->&amp#27;[39m &amp#27;[37mPOST&amp#27;[39m &amp#27;[37m/wd/hub/session/183527a4-36d0-45ae-9cd8-7695202bfaa6/element&amp#27;[39m
&amp#27;[35m[HTTP]&amp#27;[39m &amp#27;[90m{"using":"xpath","value":"/hierarchy/android.widget.FrameLayout/android.view.ViewGroup/android.widget.FrameLayout[2]/android.widget.LinearLayout/android.widget.LinearLayout/android.widget.LinearLayout/android.widget.ListView/android.widget.LinearLayout[2]/android.widget.RelativeLayout/android.widget.TextView"}&amp#27;[39m
[debug] &amp#27;[35m[W3C (183527a4)]&amp#27;[39m Calling AppiumDriver.findElement() with args: ["xpath","/hierarchy/android.widget.FrameLayout/android.view.ViewGroup/android.widget.FrameLayout[2]/android.widget.LinearLayout/android.widget.LinearLayout/android.widget.LinearLayout/android.widget.ListView/android.widget.LinearLayout[2]/android.widget.RelativeLayout/android.widget.TextView","183527a4-36d0-45ae-9cd8-7695202bfaa6"]
[debug] &amp#27;[35m[BaseDriver]&amp#27;[39m Valid locator strategies for this request: xpath, id, class name, accessibility id, css selector, -android uiautomator
[debug] &amp#27;[35m[BaseDriver]&amp#27;[39m Waiting up to 10000 ms for condition
[debug] &amp#27;[35m[WD Proxy]&amp#27;[39m Matched '/element' to command name 'findElement'
[debug] &amp#27;[35m[WD Proxy]&amp#27;[39m Proxying [POST /element] to [POST http://127.0.0.1:8202/wd/hub/session/a7a03a40-745b-4b9e-8160-42593bb2cec7/element] with body: {"strategy":"xpath","selector":"/hierarchy/android.widget.FrameLayout/android.view.ViewGroup/android.widget.FrameLayout[2]/android.widget.LinearLayout/android.widget.LinearLayout/android.widget.LinearLayout/android.widget.ListView/android.widget.LinearLayout[2]/android.widget.RelativeLayout/android.widget.TextView","context":"","multiple":false}
[debug] &amp#27;[35m[WD Proxy]&amp#27;[39m Got response with status 200: {"sessionId":"a7a03a40-745b-4b9e-8160-42593bb2cec7","value":{"ELEMENT":"00000000-0000-0157-ffff-ffff00000049","element-6066-11e4-a52e-4f735466cecf":"00000000-0000-0157-ffff-ffff00000049"}}
[debug] &amp#27;[35m[W3C (183527a4)]&amp#27;[39m Responding to client with driver.findElement() result: {"element-6066-11e4-a52e-4f735466cecf":"00000000-0000-0157-ffff-ffff00000049","ELEMENT":"00000000-0000-0157-ffff-ffff00000049"}
&amp#27;[35m[HTTP]&amp#27;[39m &amp#27;[37m<-- POST /wd/hub/session/183527a4-36d0-45ae-9cd8-7695202bfaa6/element &amp#27;[39m&amp#27;[32m200&amp#27;[39m &amp#27;[90m56 ms - 137&amp#27;[39m
&amp#27;[35m[HTTP]&amp#27;[39m &amp#27;[90m&amp#27;[39m
&amp#27;[35m[HTTP]&amp#27;[39m &amp#27;[37m-->&amp#27;[39m &amp#27;[37mPOST&amp#27;[39m &amp#27;[37m/wd/hub/session/183527a4-36d0-45ae-9cd8-7695202bfaa6/element/00000000-0000-0157-ffff-ffff00000049/click&amp#27;[39m
&amp#27;[35m[HTTP]&amp#27;[39m &amp#27;[90m{"id":"00000000-0000-0157-ffff-ffff00000049"}&amp#27;[39m
[debug] &amp#27;[35m[W3C (183527a4)]&amp#27;[39m Calling AppiumDriver.click() with args: ["00000000-0000-0157-ffff-ffff00000049","183527a4-36d0-45ae-9cd8-7695202bfaa6"]
[debug] &amp#27;[35m[WD Proxy]&amp#27;[39m Matched '/element/00000000-0000-0157-ffff-ffff00000049/click' to command name 'click'
[debug] &amp#27;[35m[WD Proxy]&amp#27;[39m Proxying [POST /element/00000000-0000-0157-ffff-ffff00000049/click] to [POST http://127.0.0.1:8202/wd/hub/session/a7a03a40-745b-4b9e-8160-42593bb2cec7/element/00000000-0000-0157-ffff-ffff00000049/click] with body: {"element":"00000000-0000-0157-ffff-ffff00000049"}
[debug] &amp#27;[35m[WD Proxy]&amp#27;[39m Got response with status 200: {"sessionId":"a7a03a40-745b-4b9e-8160-42593bb2cec7","value":null}
[debug] &amp#27;[35m[W3C (183527a4)]&amp#27;[39m Responding to client with driver.click() result: null
&amp#27;[35m[HTTP]&amp#27;[39m &amp#27;[37m<-- POST /wd/hub/session/183527a4-36d0-45ae-9cd8-7695202bfaa6/element/00000000-0000-0157-ffff-ffff00000049/click &amp#27;[39m&amp#27;[32m200&amp#27;[39m &amp#27;[90m721 ms - 14&amp#27;[39m
&amp#27;[35m[HTTP]&amp#27;[39m &amp#27;[90m&amp#27;[39m
&amp#27;[35m[HTTP]&amp#27;[39m &amp#27;[37m-->&amp#27;[39m &amp#27;[37mGET&amp#27;[39m &amp#27;[37m/wd/hub/session/183527a4-36d0-45ae-9cd8-7695202bfaa6/context&amp#27;[39m
&amp#27;[35m[HTTP]&amp#27;[39m &amp#27;[90m{}&amp#27;[39m
[debug] &amp#27;[35m[W3C (183527a4)]&amp#27;[39m Calling AppiumDriver.getCurrentContext() with args: ["183527a4-36d0-45ae-9cd8-7695202bfaa6"]
[debug] &amp#27;[35m[W3C (183527a4)]&amp#27;[39m Responding to client with driver.getCurrentContext() result: "NATIVE_APP"
&amp#27;[35m[HTTP]&amp#27;[39m &amp#27;[37m<-- GET /wd/hub/session/183527a4-36d0-45ae-9cd8-7695202bfaa6/context &amp#27;[39m&amp#27;[32m200&amp#27;[39m &amp#27;[90m1 ms - 22&amp#27;[39m
&amp#27;[35m[HTTP]&amp#27;[39m &amp#27;[90m&amp#27;[39m
&amp#27;[35m[HTTP]&amp#27;[39m &amp#27;[37m-->&amp#27;[39m &amp#27;[37mPOST&amp#27;[39m &amp#27;[37m/wd/hub/session/183527a4-36d0-45ae-9cd8-7695202bfaa6/element&amp#27;[39m
&amp#27;[35m[HTTP]&amp#27;[39m &amp#27;[90m{"using":"class name","value":"android.widget.EditText"}&amp#27;[39m
[debug] &amp#27;[35m[W3C (183527a4)]&amp#27;[39m Calling AppiumDriver.findElement() with args: ["class name","android.widget.EditText","183527a4-36d0-45ae-9cd8-7695202bfaa6"]
[debug] &amp#27;[35m[BaseDriver]&amp#27;[39m Valid locator strategies for this request: xpath, id, class name, accessibility id, css selector, -android uiautomator
[debug] &amp#27;[35m[BaseDriver]&amp#27;[39m Waiting up to 10000 ms for condition
[debug] &amp#27;[35m[WD Proxy]&amp#27;[39m Matched '/element' to command name 'findElement'
[debug] &amp#27;[35m[WD Proxy]&amp#27;[39m Proxying [POST /element] to [POST http://127.0.0.1:8202/wd/hub/session/a7a03a40-745b-4b9e-8160-42593bb2cec7/element] with body: {"strategy":"class name","selector":"android.widget.EditText","context":"","multiple":false}
[debug] &amp#27;[35m[WD Proxy]&amp#27;[39m Got response with status 200: {"sessionId":"a7a03a40-745b-4b9e-8160-42593bb2cec7","value":{"ELEMENT":"00000000-0000-0158-ffff-ffff0000005f","element-6066-11e4-a52e-4f735466cecf":"00000000-0000-0158-ffff-ffff0000005f"}}
[debug] &amp#27;[35m[W3C (183527a4)]&amp#27;[39m Responding to client with driver.findElement() result: {"element-6066-11e4-a52e-4f735466cecf":"00000000-0000-0158-ffff-ffff0000005f","ELEMENT":"00000000-0000-0158-ffff-ffff0000005f"}
&amp#27;[35m[HTTP]&amp#27;[39m &amp#27;[37m<-- POST /wd/hub/session/183527a4-36d0-45ae-9cd8-7695202bfaa6/element &amp#27;[39m&amp#27;[32m200&amp#27;[39m &amp#27;[90m20 ms - 137&amp#27;[39m
&amp#27;[35m[HTTP]&amp#27;[39m &amp#27;[90m&amp#27;[39m
&amp#27;[35m[HTTP]&amp#27;[39m &amp#27;[37m-->&amp#27;[39m &amp#27;[37mPOST&amp#27;[39m &amp#27;[37m/wd/hub/session/183527a4-36d0-45ae-9cd8-7695202bfaa6/element/00000000-0000-0158-ffff-ffff0000005f/value&amp#27;[39m
&amp#27;[35m[HTTP]&amp#27;[39m &amp#27;[90m{"id":"00000000-0000-0158-ffff-ffff0000005f","text":"!@#$%","value":["!","@","#","$","%"]}&amp#27;[39m
[debug] &amp#27;[35m[W3C (183527a4)]&amp#27;[39m Calling AppiumDriver.setValue() with args: [["!","@","#","$","%"],"00000000-0000-0158-ffff-ffff0000005f","183527a4-36d0-45ae-9cd8-7695202bfaa6"]
[debug] &amp#27;[35m[WD Proxy]&amp#27;[39m Matched '/element/00000000-0000-0158-ffff-ffff0000005f/value' to command name 'setValue'
[debug] &amp#27;[35m[Protocol Converter]&amp#27;[39m Added 'value' property ["!","@","#","$","%"] to 'setValue' request body
[debug] &amp#27;[35m[WD Proxy]&amp#27;[39m Proxying [POST /element/00000000-0000-0158-ffff-ffff0000005f/value] to [POST http://127.0.0.1:8202/wd/hub/session/a7a03a40-745b-4b9e-8160-42593bb2cec7/element/00000000-0000-0158-ffff-ffff0000005f/value] with body: {"elementId":"00000000-0000-0158-ffff-ffff0000005f","text":"!@#$%","replace":false,"value":["!","@","#","$","%"]}
[debug] &amp#27;[35m[WD Proxy]&amp#27;[39m Got response with status 200: {"sessionId":"a7a03a40-745b-4b9e-8160-42593bb2cec7","value":null}
[debug] &amp#27;[35m[W3C (183527a4)]&amp#27;[39m Responding to client with driver.setValue() result: null
&amp#27;[35m[HTTP]&amp#27;[39m &amp#27;[37m<-- POST /wd/hub/session/183527a4-36d0-45ae-9cd8-7695202bfaa6/element/00000000-0000-0158-ffff-ffff0000005f/value &amp#27;[39m&amp#27;[32m200&amp#27;[39m &amp#27;[90m42 ms - 14&amp#27;[39m
&amp#27;[35m[HTTP]&amp#27;[39m &amp#27;[90m&amp#27;[39m
&amp#27;[35m[HTTP]&amp#27;[39m &amp#27;[37m-->&amp#27;[39m &amp#27;[37mGET&amp#27;[39m &amp#27;[37m/wd/hub/session/183527a4-36d0-45ae-9cd8-7695202bfaa6/context&amp#27;[39m
&amp#27;[35m[HTTP]&amp#27;[39m &amp#27;[90m{}&amp#27;[39m
[debug] &amp#27;[35m[W3C (183527a4)]&amp#27;[39m Calling AppiumDriver.getCurrentContext() with args: ["183527a4-36d0-45ae-9cd8-7695202bfaa6"]
[debug] &amp#27;[35m[W3C (183527a4)]&amp#27;[39m Responding to client with driver.getCurrentContext() result: "NATIVE_APP"
&amp#27;[35m[HTTP]&amp#27;[39m &amp#27;[37m<-- GET /wd/hub/session/183527a4-36d0-45ae-9cd8-7695202bfaa6/context &amp#27;[39m&amp#27;[32m200&amp#27;[39m &amp#27;[90m1 ms - 22&amp#27;[39m
&amp#27;[35m[HTTP]&amp#27;[39m &amp#27;[90m&amp#27;[39m
&amp#27;[35m[HTTP]&amp#27;[39m &amp#27;[37m-->&amp#27;[39m &amp#27;[37mPOST&amp#27;[39m &amp#27;[37m/wd/hub/session/183527a4-36d0-45ae-9cd8-7695202bfaa6/elements&amp#27;[39m
&amp#27;[35m[HTTP]&amp#27;[39m &amp#27;[90m{"using":"class name","value":"android.widget.Button"}&amp#27;[39m
[debug] &amp#27;[35m[W3C (183527a4)]&amp#27;[39m Calling AppiumDriver.findElements() with args: ["class name","android.widget.Button","183527a4-36d0-45ae-9cd8-7695202bfaa6"]
[debug] &amp#27;[35m[BaseDriver]&amp#27;[39m Valid locator strategies for this request: xpath, id, class name, accessibility id, css selector, -android uiautomator
[debug] &amp#27;[35m[BaseDriver]&amp#27;[39m Waiting up to 10000 ms for condition
[debug] &amp#27;[35m[WD Proxy]&amp#27;[39m Matched '/elements' to command name 'findElements'
[debug] &amp#27;[35m[WD Proxy]&amp#27;[39m Proxying [POST /elements] to [POST http://127.0.0.1:8202/wd/hub/session/a7a03a40-745b-4b9e-8160-42593bb2cec7/elements] with body: {"strategy":"class name","selector":"android.widget.Button","context":"","multiple":true}
[debug] &amp#27;[35m[WD Proxy]&amp#27;[39m Got response with status 200: {"sessionId":"a7a03a40-745b-4b9e-8160-42593bb2cec7","value":[{"ELEMENT":"00000000-0000-0158-ffff-ffff00000064","element-6066-11e4-a52e-4f735466cecf":"00000000-0000-0158-ffff-ffff00000064"},{"ELEMENT":"00000000-0000-0158-ffff-ffff00000065","element-6066-11e4-a52e-4f735466cecf":"00000000-0000-0158-ffff-ffff00000065"}]}
[debug] &amp#27;[35m[W3C (183527a4)]&amp#27;[39m Responding to client with driver.findElements() result: [{"element-6066-11e4-a52e-4f735466cecf":"00000000-0000-0158-ffff-ffff00000064","ELEMENT":"00000000-0000-0158-ffff-ffff00000064"},{"element-6066-11e4-a52e-4f735466cecf":"00000000-0000-0158-ffff-ffff00000065","ELEMENT":"00000000-0000-0158-ffff-ffff00000065"}]
&amp#27;[35m[HTTP]&amp#27;[39m &amp#27;[37m<-- POST /wd/hub/session/183527a4-36d0-45ae-9cd8-7695202bfaa6/elements &amp#27;[39m&amp#27;[32m200&amp#27;[39m &amp#27;[90m498 ms - 267&amp#27;[39m
&amp#27;[35m[HTTP]&amp#27;[39m &amp#27;[90m&amp#27;[39m
&amp#27;[35m[HTTP]&amp#27;[39m &amp#27;[37m-->&amp#27;[39m &amp#27;[37mPOST&amp#27;[39m &amp#27;[37m/wd/hub/session/183527a4-36d0-45ae-9cd8-7695202bfaa6/element/00000000-0000-0158-ffff-ffff00000065/click&amp#27;[39m
&amp#27;[35m[HTTP]&amp#27;[39m &amp#27;[90m{"id":"00000000-0000-0158-ffff-ffff00000065"}&amp#27;[39m
[debug] &amp#27;[35m[W3C (183527a4)]&amp#27;[39m Calling AppiumDriver.click() with args: ["00000000-0000-0158-ffff-ffff00000065","183527a4-36d0-45ae-9cd8-7695202bfaa6"]
[debug] &amp#27;[35m[WD Proxy]&amp#27;[39m Matched '/element/00000000-0000-0158-ffff-ffff00000065/click' to command name 'click'
[debug] &amp#27;[35m[WD Proxy]&amp#27;[39m Proxying [POST /element/00000000-0000-0158-ffff-ffff00000065/click] to [POST http://127.0.0.1:8202/wd/hub/session/a7a03a40-745b-4b9e-8160-42593bb2cec7/element/00000000-0000-0158-ffff-ffff00000065/click] with body: {"element":"00000000-0000-0158-ffff-ffff00000065"}
[debug] &amp#27;[35m[WD Proxy]&amp#27;[39m Got response with status 200: {"sessionId":"a7a03a40-745b-4b9e-8160-42593bb2cec7","value":null}
[debug] &amp#27;[35m[W3C (183527a4)]&amp#27;[39m Responding to client with driver.click() result: null
&amp#27;[35m[HTTP]&amp#27;[39m &amp#27;[37m<-- POST /wd/hub/session/183527a4-36d0-45ae-9cd8-7695202bfaa6/element/00000000-0000-0158-ffff-ffff00000065/click &amp#27;[39m&amp#27;[32m200&amp#27;[39m &amp#27;[90m49 ms - 14&amp#27;[39m
&amp#27;[35m[HTTP]&amp#27;[39m &amp#27;[90m&amp#27;[39m
]]></system-out>
    <system-err><![CDATA[Feb 18, 2022 11:38:40 AM io.appium.java_client.remote.AppiumCommandExecutor$1 lambda$0
INFO: Detected dialect: W3C
]]></system-err>
  </testcase>
</testsuite>