<?xml version="1.0" encoding="UTF-8"?>
<testng-results skipped="0" failed="0" ignored="0" total="3" passed="3">
  <reporter-output>
  </reporter-output>
  <suite name="Suite" duration-ms="113499" started-at="2022-02-18T11:36:55 EET" finished-at="2022-02-18T11:38:49 EET">
    <groups>
    </groups>
    <test name="Test" duration-ms="113499" started-at="2022-02-18T11:36:55 EET" finished-at="2022-02-18T11:38:49 EET">
      <class name="practise.AppiumFramework.Ecommerce_tc_4">
        <test-method status="PASS" signature="killAllNodes()[pri:0, instance:practise.AppiumFramework.Ecommerce_tc_4@3aeaafa6]" name="killAllNodes" is-config="true" duration-ms="3007" started-at="2022-02-18T11:36:58 EET" finished-at="2022-02-18T11:37:02 EET">
          <reporter-output>
          </reporter-output>
        </test-method> <!-- killAllNodes -->
        <test-method status="PASS" signature="totalValidation()[pri:0, instance:practise.AppiumFramework.Ecommerce_tc_4@3aeaafa6]" name="totalValidation" duration-ms="51961" started-at="2022-02-18T11:37:02 EET" finished-at="2022-02-18T11:37:54 EET">
          <reporter-output>
          </reporter-output>
        </test-method> <!-- totalValidation -->
      </class> <!-- practise.AppiumFramework.Ecommerce_tc_4 -->
      <class name="practise.AppiumFramework.ApiDemoTest">
        <test-method status="PASS" signature="killAllNodes()[pri:0, instance:practise.AppiumFramework.ApiDemoTest@eafc191]" name="killAllNodes" is-config="true" duration-ms="3021" started-at="2022-02-18T11:36:55 EET" finished-at="2022-02-18T11:36:58 EET">
          <reporter-output>
          </reporter-output>
        </test-method> <!-- killAllNodes -->
        <test-method status="PASS" signature="apiDemoTest(java.lang.String)[pri:0, instance:practise.AppiumFramework.ApiDemoTest@eafc191]" name="apiDemoTest" duration-ms="28262" started-at="2022-02-18T11:37:54 EET" data-provider="InputData" finished-at="2022-02-18T11:38:22 EET">
          <params>
            <param index="0">
              <value>
                <![CDATA[hello]]>
              </value>
            </param>
          </params>
          <reporter-output>
          </reporter-output>
        </test-method> <!-- apiDemoTest -->
        <test-method status="PASS" signature="apiDemoTest(java.lang.String)[pri:0, instance:practise.AppiumFramework.ApiDemoTest@eafc191]" name="apiDemoTest" duration-ms="27192" started-at="2022-02-18T11:38:22 EET" data-provider="InputData" finished-at="2022-02-18T11:38:49 EET">
          <params>
            <param index="0">
              <value>
                <![CDATA[!@#$%]]>
              </value>
            </param>
          </params>
          <reporter-output>
          </reporter-output>
        </test-method> <!-- apiDemoTest -->
      </class> <!-- practise.AppiumFramework.ApiDemoTest -->
    </test> <!-- Test -->
  </suite> <!-- Suite -->
</testng-results>
